20-Sep-22 14:56:23: Loaded settings file.

20-Sep-22 14:56:25: Reading excel file for 'Item Catalog'.

20-Sep-22 14:56:25: Reading excel file for 'Purchase Orders'.

20-Sep-22 14:56:25: Sorting items according to purchase order dates.

20-Sep-22 14:56:26: Reading image files.

20-Sep-22 14:56:26: Image not found for item SJ-SBN-1001L

20-Sep-22 14:56:26: Image not found for item SJ-SBN-1002L

20-Sep-22 14:56:26: Image not found for item SJ-SBN-21L97

20-Sep-22 14:56:26: Image not found for item SJ-SBN-22A31

20-Sep-22 14:56:26: Image not found for item SJ-SBN-22A32

20-Sep-22 14:56:26: Image not found for item SJ-SBN-414

20-Sep-22 14:56:26: Image not found for item SJ-SBN-4174

20-Sep-22 14:56:26: Image not found for item SJ-SBN-8509

20-Sep-22 14:56:26: Image not found for item SJ-SBN-8510

20-Sep-22 14:56:26: Image not found for item SJ-SBN-8526

20-Sep-22 14:56:26: Image not found for item SJ-SBN-9155

20-Sep-22 14:56:26: Image not found for item SJ-SBN-9156

20-Sep-22 14:56:26: Image not found for item SJ-SBN-9191

20-Sep-22 14:56:26: Image not found for item SJ-SSP-056

20-Sep-22 14:56:26: Image not found for item SJ-SSP-105

20-Sep-22 14:56:26: Image not found for item SJ-SSP-132L

20-Sep-22 14:56:26: Image not found for item SJ-SSP-2144

20-Sep-22 14:56:26: Image not found for item SJ-SSP-21K11

20-Sep-22 14:56:26: Image not found for item SJ-SSP-21K12

20-Sep-22 14:56:26: Image not found for item SJ-SSP-21K13

20-Sep-22 14:56:26: Image not found for item SJ-SSP-21K35

20-Sep-22 14:56:26: Image not found for item SJ-SSP-21K40

20-Sep-22 14:56:26: Image not found for item SJ-SSP-21K41

20-Sep-22 14:56:26: Image not found for item SJ-SSP-21K62

20-Sep-22 14:56:26: Image not found for item SJ-SSP-21L04

20-Sep-22 14:56:26: Image not found for item SJ-SSP-21L05

20-Sep-22 14:56:26: Image not found for item SJ-SSP-21L07

20-Sep-22 14:56:26: Image not found for item SJ-SSP-21L11

20-Sep-22 14:56:26: Image not found for item SJ-SSP-2212

20-Sep-22 14:56:26: Image not found for item SJ-SSP-2213

20-Sep-22 14:56:26: Image not found for item SJ-SSP-22A01

20-Sep-22 14:56:26: Image not found for item SJ-SSP-22A02

20-Sep-22 14:56:26: Image not found for item SJ-SSP-22A03

20-Sep-22 14:56:26: Image not found for item SJ-SSP-22A04

20-Sep-22 14:56:26: Image not found for item SJ-SSP-22A18

20-Sep-22 14:56:26: Image not found for item SJ-SSP-22A20

20-Sep-22 14:56:26: Image not found for item SJ-SSP-22A23

20-Sep-22 14:56:26: Image not found for item SJ-SSP-22C03

20-Sep-22 14:56:26: Image not found for item SJ-SSP-22C06

20-Sep-22 14:56:26: Image not found for item SJ-SSP-22F31

20-Sep-22 14:56:26: Image not found for item SJ-SSP-22F33

20-Sep-22 14:56:26: Image not found for item SJ-SSP-22F48

20-Sep-22 14:56:26: Image not found for item SJ-SSP-22F49

20-Sep-22 14:56:26: Image not found for item SJ-SSP-22F54

20-Sep-22 14:56:26: Image not found for item SJ-SSP-22F55

20-Sep-22 14:56:26: Image not found for item SJ-SSP-22F56

20-Sep-22 14:56:26: Image not found for item SJ-SSP-22F57

20-Sep-22 14:56:26: Image not found for item SJ-SSP-22F82

20-Sep-22 14:56:26: Image not found for item SJ-SSP-22F83

20-Sep-22 14:56:26: Image not found for item SJ-SSP-22F84

20-Sep-22 14:56:26: Image not found for item SJ-SSP-22F85

20-Sep-22 14:56:26: Image not found for item SJ-SSP-22F86

20-Sep-22 14:56:26: Image not found for item SJ-SSP-22F87

20-Sep-22 14:56:26: Image not found for item SJ-SSP-22F88

20-Sep-22 14:56:26: Image not found for item SJ-SSP-22F89

20-Sep-22 14:56:26: Image not found for item SJ-SSP-22G34

20-Sep-22 14:56:26: Image not found for item SJ-SSP-22G35

20-Sep-22 14:56:26: Image not found for item SJ-SSP-22G36

20-Sep-22 14:56:26: Image not found for item SJ-SSP-22G37

20-Sep-22 14:56:26: Image not found for item SJ-SSP-22G39

20-Sep-22 14:56:26: Image not found for item SJ-SSP-22G40

20-Sep-22 14:56:26: Image not found for item SJ-SSP-22G41

20-Sep-22 14:56:26: Image not found for item SJ-SSP-22G42

20-Sep-22 14:56:26: Image not found for item SJ-SSP-22G43

20-Sep-22 14:56:26: Image not found for item SJ-SSP-22G44

20-Sep-22 14:56:26: Image not found for item SJ-SSP-22G45

20-Sep-22 14:56:26: Image not found for item SJ-SSP-22G46

20-Sep-22 14:56:26: Image not found for item SJ-SSP-22G47

20-Sep-22 14:56:26: Image not found for item SJ-SSP-22G48

20-Sep-22 14:56:26: Image not found for item SJ-SSP-22G49

20-Sep-22 14:56:26: Image not found for item SJ-SSP-22G50

20-Sep-22 14:56:26: Image not found for item SJ-SSP-22G51

20-Sep-22 14:56:26: Image not found for item SJ-SSP-22G53

20-Sep-22 14:56:26: Image not found for item SJ-SSP-22G54

20-Sep-22 14:56:26: Image not found for item SJ-SSP-22G55

20-Sep-22 14:56:26: Image not found for item SJ-SSP-22G56

20-Sep-22 14:56:26: Image not found for item SJ-SSP-22G57

20-Sep-22 14:56:26: Image not found for item SJ-SSP-22G58

20-Sep-22 14:56:26: Image not found for item SJ-SSP-22G59

20-Sep-22 14:56:26: Image not found for item SJ-SSP-317

20-Sep-22 14:56:26: Image not found for item SJ-SSP-332L

20-Sep-22 14:56:26: Image not found for item SJ-SSP-4204

20-Sep-22 14:56:26: Image not found for item SJ-SSP-590

20-Sep-22 14:56:26: Image not found for item SJ-SSP-6207

20-Sep-22 14:56:26: Image not found for item SJ-SSP-632L

20-Sep-22 14:56:26: Image not found for item SJ-SSP-6824

20-Sep-22 14:56:26: Image not found for item SJ-SSP-6953

20-Sep-22 14:56:26: Image not found for item SJ-SSP-6954

20-Sep-22 14:56:26: Image not found for item SJ-SSP-6956

20-Sep-22 14:56:26: Image not found for item SJ-SSP-7014

20-Sep-22 14:56:26: Image not found for item SJ-SSP-7058

20-Sep-22 14:56:26: Image not found for item SJ-SSP-7059

20-Sep-22 14:56:26: Image not found for item SJ-SSP-7060

20-Sep-22 14:56:26: Image not found for item SJ-SSP-732L

20-Sep-22 14:56:26: Image not found for item SJ-SSP-832L

20-Sep-22 14:56:26: Image not found for item SJ-SSP-8517

20-Sep-22 14:56:26: Image not found for item SJ-SSP-8544

20-Sep-22 14:56:26: Image not found for item SJ-SSP-8805

20-Sep-22 14:56:26: Image not found for item SJ-SSP-9012

20-Sep-22 14:56:26: Image not found for item SJ-SSP-9013

20-Sep-22 14:56:26: Image not found for item SJ-SSP-9070

20-Sep-22 14:56:26: Image not found for item SJ-SSP-9087

20-Sep-22 14:56:26: Image not found for item SJ-SSP-9110

20-Sep-22 14:56:26: Image not found for item SJ-SSP-9133

20-Sep-22 14:56:26: Image not found for item SJ-SSP-9139

20-Sep-22 14:56:26: Image not found for item SJ-SSP-9140

20-Sep-22 14:56:26: Image not found for item SJ-SSP-9141

20-Sep-22 14:56:26: Image not found for item SJ-SSP-9186

20-Sep-22 14:56:26: Image not found for item SJ-SSP-9215

20-Sep-22 14:56:26: Image not found for item SJ-SSP-925I

20-Sep-22 14:56:26: Image not found for item SJ-SHB-013

20-Sep-22 14:56:26: Image not found for item SJ-SHB-014

20-Sep-22 14:56:26: Image not found for item SJ-SHB-162

20-Sep-22 14:56:26: Image not found for item SJ-SHB-182

20-Sep-22 14:56:26: Image not found for item SJ-SHB-2007

20-Sep-22 14:56:26: Image not found for item SJ-SHB-21K01

20-Sep-22 14:56:26: Image not found for item SJ-SHB-21K03

20-Sep-22 14:56:26: Image not found for item SJ-SHB-21K19

20-Sep-22 14:56:26: Image not found for item SJ-SHB-21K45

20-Sep-22 14:56:26: Image not found for item SJ-SHB-21K47

20-Sep-22 14:56:26: Image not found for item SJ-SHB-21K51

20-Sep-22 14:56:26: Image not found for item SJ-SHB-21L08

20-Sep-22 14:56:26: Image not found for item SJ-SHB-21L16

20-Sep-22 14:56:26: Image not found for item SJ-SHB-22E04

20-Sep-22 14:56:26: Image not found for item SJ-SHB-22E05

20-Sep-22 14:56:26: Image not found for item SJ-SHB-22E14

20-Sep-22 14:56:26: Image not found for item SJ-SHB-22E15

20-Sep-22 14:56:26: Image not found for item SJ-SHB-22F08

20-Sep-22 14:56:26: Image not found for item SJ-SHB-22F09

20-Sep-22 14:56:26: Image not found for item SJ-SHB-22F10

20-Sep-22 14:56:26: Image not found for item SJ-SHB-22F11

20-Sep-22 14:56:26: Image not found for item SJ-SHB-22F20

20-Sep-22 14:56:26: Image not found for item SJ-SHB-22F21

20-Sep-22 14:56:26: Image not found for item SJ-SHB-22F24

20-Sep-22 14:56:26: Image not found for item SJ-SHB-22F25

20-Sep-22 14:56:26: Image not found for item SJ-SHB-323

20-Sep-22 14:56:26: Image not found for item SJ-SHB-324

20-Sep-22 14:56:26: Image not found for item SJ-SHB-3630N

20-Sep-22 14:56:26: Image not found for item SJ-SHB-3632N

20-Sep-22 14:56:26: Image not found for item SJ-SHB-479

20-Sep-22 14:56:26: Image not found for item SJ-SHB-6090

20-Sep-22 14:56:26: Image not found for item SJ-SHB-6095

20-Sep-22 14:56:26: Image not found for item SJ-SHB-6832

20-Sep-22 14:56:26: Image not found for item SJ-SHB-6967

20-Sep-22 14:56:26: Image not found for item SJ-SHB-7070

20-Sep-22 14:56:26: Image not found for item SJ-SHB-8002

20-Sep-22 14:56:26: Image not found for item SJ-SHB-8009

20-Sep-22 14:56:26: Image not found for item SJ-SHB-909B

20-Sep-22 14:56:26: Image not found for item SJ-SHB-9166

20-Sep-22 14:56:26: Image not found for item SJ-SHB-918A

20-Sep-22 14:56:26: Image not found for item SJ-SHB-9196

20-Sep-22 14:56:26: Image not found for item SJ-SHB-9199

20-Sep-22 14:56:26: Image not found for item SJ-SHB-9223

20-Sep-22 14:56:26: Image not found for item SJ-SHB-926A

20-Sep-22 14:56:26: Image not found for item SJ-SHB-9623

20-Sep-22 14:56:26: Image not found for item TIS-SHB-2081

20-Sep-22 14:56:26: Image not found for item SJ-SCH-22Z26

20-Sep-22 14:56:26: Image not found for item SJ-JCH-7020

20-Sep-22 14:56:26: Image not found for item SJ-JCH-7021

20-Sep-22 14:56:26: Image not found for item SJ-SCH-1003L

20-Sep-22 14:56:26: Image not found for item SJ-SCH-101R

20-Sep-22 14:56:26: Image not found for item SJ-SCH-1067

20-Sep-22 14:56:26: Image not found for item SJ-SCH-205

20-Sep-22 14:56:26: Image not found for item SJ-SCH-2153

20-Sep-22 14:56:26: Image not found for item SJ-SCH-21K63

20-Sep-22 14:56:26: Image not found for item SJ-SCH-21K64

20-Sep-22 14:56:26: Image not found for item SJ-SCH-21K65

20-Sep-22 14:56:26: Image not found for item SJ-SCH-21K66

20-Sep-22 14:56:26: Image not found for item SJ-SCH-21K67

20-Sep-22 14:56:26: Image not found for item SJ-SCH-21K68

20-Sep-22 14:56:26: Image not found for item SJ-SCH-21K84

20-Sep-22 14:56:26: Image not found for item SJ-SCH-21L105

20-Sep-22 14:56:26: Image not found for item SJ-SCH-21L13

20-Sep-22 14:56:26: Image not found for item SJ-SCH-21L22

20-Sep-22 14:56:26: Image not found for item SJ-SCH-21L28

20-Sep-22 14:56:26: Image not found for item SJ-SCH-21L34

20-Sep-22 14:56:26: Image not found for item SJ-SCH-21L35

20-Sep-22 14:56:26: Image not found for item SJ-SCH-21L36

20-Sep-22 14:56:26: Image not found for item SJ-SCH-21L38

20-Sep-22 14:56:26: Image not found for item SJ-SCH-21L39

20-Sep-22 14:56:26: Image not found for item SJ-SCH-21L33

20-Sep-22 14:56:26: Image not found for item SJ-SCH-21L31

20-Sep-22 14:56:26: Image not found for item SJ-SCH-21L40

20-Sep-22 14:56:26: Image not found for item SJ-SCH-21L87

20-Sep-22 14:56:26: Image not found for item SJ-SCH-22A05

20-Sep-22 14:56:26: Image not found for item SJ-SCH-22C04

20-Sep-22 14:56:26: Image not found for item SJ-SCH-22F50

20-Sep-22 14:56:26: Image not found for item SJ-SCH-22G28

20-Sep-22 14:56:26: Image not found for item SJ-SCH-22G29

20-Sep-22 14:56:26: Image not found for item SJ-SCH-22G30

20-Sep-22 14:56:26: Image not found for item SJ-SCH-254

20-Sep-22 14:56:26: Image not found for item SJ-SCH-295

20-Sep-22 14:56:26: Image not found for item SJ-SCH-3081

20-Sep-22 14:56:26: Image not found for item SJ-SCH-3563A

20-Sep-22 14:56:26: Image not found for item SJ-SCH-394

20-Sep-22 14:56:26: Image not found for item SJ-SCH-4019

20-Sep-22 14:56:26: Image not found for item SJ-SCH-4175

20-Sep-22 14:56:26: Image not found for item SJ-SCH-421

20-Sep-22 14:56:26: Image not found for item SJ-SCH-6002

20-Sep-22 14:56:26: Image not found for item SJ-SCH-6003

20-Sep-22 14:56:26: Image not found for item SJ-SCH-6004

20-Sep-22 14:56:26: Image not found for item SJ-SCH-6005

20-Sep-22 14:56:26: Image not found for item SJ-SCH-6006

20-Sep-22 14:56:26: Image not found for item SJ-SCH-6008

20-Sep-22 14:56:26: Image not found for item SJ-SCH-6010

20-Sep-22 14:56:26: Image not found for item SJ-SCH-6018

20-Sep-22 14:56:26: Image not found for item SJ-SCH-6030

20-Sep-22 14:56:26: Image not found for item SJ-SCH-6049

20-Sep-22 14:56:26: Image not found for item SJ-SCH-6167

20-Sep-22 14:56:26: Image not found for item SJ-SCH-6713

20-Sep-22 14:56:26: Image not found for item SJ-SCH-6802

20-Sep-22 14:56:26: Image not found for item SJ-SCH-6884

20-Sep-22 14:56:26: Image not found for item SJ-SCH-6892

20-Sep-22 14:56:26: Image not found for item SJ-SCH-6894

20-Sep-22 14:56:26: Image not found for item SJ-SCH-6999

20-Sep-22 14:56:26: Image not found for item SJ-SCH-8001

20-Sep-22 14:56:26: Image not found for item SJ-SCH-8003

20-Sep-22 14:56:26: Image not found for item SJ-SCH-8005

20-Sep-22 14:56:26: Image not found for item SJ-SCH-8007

20-Sep-22 14:56:26: Image not found for item SJ-SCH-8013

20-Sep-22 14:56:26: Image not found for item SJ-SCH-8015

20-Sep-22 14:56:26: Image not found for item SJ-SCH-8523

20-Sep-22 14:56:26: Image not found for item SJ-SCH-8524

20-Sep-22 14:56:26: Image not found for item SJ-SCH-9019

20-Sep-22 14:56:26: Image not found for item SJ-SCH-9054

20-Sep-22 14:56:26: Image not found for item SJ-SCH-9094

20-Sep-22 14:56:26: Image not found for item SJ-SCH-9095

20-Sep-22 14:56:26: Image not found for item SJ-SCH-9096

20-Sep-22 14:56:26: Image not found for item SJ-SCH-9097

20-Sep-22 14:56:26: Image not found for item SJ-SCH-9098

20-Sep-22 14:56:26: Image not found for item SJ-SCH-9100

20-Sep-22 14:56:26: Image not found for item SJ-SCH-9151

20-Sep-22 14:56:26: Image not found for item SJ-SCH-9157

20-Sep-22 14:56:26: Image not found for item SJ-SCH-9205

20-Sep-22 14:56:26: Image not found for item SJ-SCH-9206

20-Sep-22 14:56:26: Image not found for item SJ-SCH-9207

20-Sep-22 14:56:26: Image not found for item SJ-SCH-9208

20-Sep-22 14:56:26: Image not found for item SJ-SCH-9209

20-Sep-22 14:56:26: Image not found for item SJ-SCH-9211

20-Sep-22 14:56:26: Image not found for item SJ-SCH-9211N

20-Sep-22 14:56:26: Image not found for item SJ-SCH-9212

20-Sep-22 14:56:26: Image not found for item SJ-SCH-9212N

20-Sep-22 14:56:26: Image not found for item SJ-SCH-9213

20-Sep-22 14:56:26: Image not found for item SJ-SCH-9311

20-Sep-22 14:56:26: Image not found for item SJ-SCH-9312

20-Sep-22 14:56:26: Image not found for item SJ-SCH-9313

20-Sep-22 14:56:26: Image not found for item SJ-SCH-9314

20-Sep-22 14:56:26: Image not found for item SJ-SCH-9316

20-Sep-22 14:56:26: Image not found for item SJ-SCH-9328

20-Sep-22 14:56:26: Image not found for item SJ-SCH-9329

20-Sep-22 14:56:26: Image not found for item SJ-SCH-9341

20-Sep-22 14:56:26: Image not found for item SJ-SCH-9342

20-Sep-22 14:56:26: Image not found for item SJ-SSP-22F03

20-Sep-22 14:56:26: Image not found for item SJ-SSP-22F04

20-Sep-22 14:56:26: Image not found for item SJ-SSP-22F05

20-Sep-22 14:56:26: Image not found for item SJ-SHP-3133

20-Sep-22 14:56:26: Image not found for item SJ-SHP-579

20-Sep-22 14:56:26: Image not found for item SJ-SHP-623A

20-Sep-22 14:56:26: Image not found for item SJ-SJP-139

20-Sep-22 14:56:26: Image not found for item SJ-SJP-141

20-Sep-22 14:56:26: Image not found for item SJ-SJP-22A19

20-Sep-22 14:56:26: Image not found for item SJ-SJP-22E13

20-Sep-22 14:56:26: Image not found for item SJ-SJP-9326

20-Sep-22 14:56:26: Image not found for item SJ-SJP-FANCY

20-Sep-22 14:56:26: Image not found for item SJ-SRB-098

20-Sep-22 14:56:26: Image not found for item SJ-SRB-099

20-Sep-22 14:56:26: Image not found for item SJ-SRB-101

20-Sep-22 14:56:26: Image not found for item SJ-SRB-102

20-Sep-22 14:56:26: Image not found for item SJ-SRB-107N

20-Sep-22 14:56:26: Image not found for item SJ-SRB-106N

20-Sep-22 14:56:26: Image not found for item SJ-SRB-105N

20-Sep-22 14:56:26: Image not found for item SJ-SRB-104N

20-Sep-22 14:56:26: Image not found for item SJ-SRB-107

20-Sep-22 14:56:26: Image not found for item SJ-SRB-108

20-Sep-22 14:56:26: Image not found for item SJ-SRB-1101L

20-Sep-22 14:56:26: Image not found for item SJ-SRB-1102L

20-Sep-22 14:56:26: Image not found for item SJ-SRB-1103L

20-Sep-22 14:56:26: Image not found for item SJ-SRB-1115

20-Sep-22 14:56:26: Image not found for item SJ-SRB-1245

20-Sep-22 14:56:26: Image not found for item SJ-SRB-215

20-Sep-22 14:56:26: Image not found for item SJ-SRB-21K61

20-Sep-22 14:56:26: Image not found for item SJ-SRB-21L01

20-Sep-22 14:56:26: Image not found for item SJ-SRB-21L02

20-Sep-22 14:56:26: Image not found for item SJ-SRB-21L45

20-Sep-22 14:56:26: Image not found for item SJ-SRB-21L47

20-Sep-22 14:56:26: Image not found for item SJ-SRB-21L48

20-Sep-22 14:56:26: Image not found for item SJ-SRB-21L49

20-Sep-22 14:56:26: Image not found for item SJ-SRB-22C13

20-Sep-22 14:56:26: Image not found for item SJ-SRB-22E01

20-Sep-22 14:56:26: Image not found for item SJ-SRB-22E02

20-Sep-22 14:56:26: Image not found for item SJ-SRB-22E03

20-Sep-22 14:56:26: Image not found for item SJ-SRB-22E16B

20-Sep-22 14:56:26: Image not found for item SJ-SRB-22E18

20-Sep-22 14:56:26: Image not found for item SJ-SRB-22F106

20-Sep-22 14:56:26: Image not found for item SJ-SRB-22F12

20-Sep-22 14:56:26: Image not found for item SJ-SRB-22F13

20-Sep-22 14:56:26: Image not found for item SJ-SRB-22F14

20-Sep-22 14:56:26: Image not found for item SJ-SRB-22F15

20-Sep-22 14:56:26: Image not found for item SJ-SRB-22F16

20-Sep-22 14:56:26: Image not found for item SJ-SRB-22F17

20-Sep-22 14:56:26: Image not found for item SJ-SRB-22F18

20-Sep-22 14:56:26: Image not found for item SJ-SRB-22F19

20-Sep-22 14:56:26: Image not found for item SJ-SRB-22F22

20-Sep-22 14:56:26: Image not found for item SJ-SRB-22F23

20-Sep-22 14:56:26: Image not found for item SJ-SRB-22F34

20-Sep-22 14:56:26: Image not found for item SJ-SRB-22F41

20-Sep-22 14:56:26: Image not found for item SJ-SRB-22F42

20-Sep-22 14:56:26: Image not found for item SJ-SRB-22F43

20-Sep-22 14:56:26: Image not found for item SJ-SRB-22F43B

20-Sep-22 14:56:26: Image not found for item SJ-SRB-22F44

20-Sep-22 14:56:26: Image not found for item SJ-SRB-22F44B

20-Sep-22 14:56:26: Image not found for item SJ-SRB-22F45

20-Sep-22 14:56:26: Image not found for item SJ-SRB-22F46

20-Sep-22 14:56:26: Image not found for item SJ-SRB-22F47

20-Sep-22 14:56:26: Image not found for item SJ-SRB-22F52

20-Sep-22 14:56:26: Image not found for item SJ-SRB-22F64

20-Sep-22 14:56:26: Image not found for item SJ-SRB-22F65

20-Sep-22 14:56:26: Image not found for item SJ-SRB-22F66

20-Sep-22 14:56:26: Image not found for item SJ-SRB-22F67

20-Sep-22 14:56:26: Image not found for item SJ-SRB-22F68

20-Sep-22 14:56:26: Image not found for item SJ-SRB-22F69

20-Sep-22 14:56:26: Image not found for item SJ-SRB-22F70

20-Sep-22 14:56:26: Image not found for item SJ-SRB-22F71

20-Sep-22 14:56:26: Image not found for item SJ-SRB-22F72

20-Sep-22 14:56:26: Image not found for item SJ-SRB-22F73

20-Sep-22 14:56:26: Image not found for item SJ-SRB-22F74

20-Sep-22 14:56:26: Image not found for item SJ-SRB-22F75

20-Sep-22 14:56:26: Image not found for item SJ-SRB-22F76

20-Sep-22 14:56:26: Image not found for item SJ-SRB-22F77

20-Sep-22 14:56:26: Image not found for item SJ-SRB-22F78

20-Sep-22 14:56:26: Image not found for item SJ-SRB-22F79

20-Sep-22 14:56:26: Image not found for item SJ-SRB-22F80

20-Sep-22 14:56:26: Image not found for item SJ-SRB-22F81

20-Sep-22 14:56:26: Image not found for item SJ-SRB-22G32

20-Sep-22 14:56:26: Image not found for item SJ-SRB-22G33

20-Sep-22 14:56:26: Image not found for item SJ-SRB-22G38

20-Sep-22 14:56:26: Image not found for item SJ-SRB-22G62

20-Sep-22 14:56:26: Image not found for item SJ-SRB-2412

20-Sep-22 14:56:26: Image not found for item SJ-SRB-3059

20-Sep-22 14:56:26: Image not found for item SJ-SRB-3310

20-Sep-22 14:56:26: Image not found for item SJ-SRB-345

20-Sep-22 14:56:26: Image not found for item SJ-SRB-364

20-Sep-22 14:56:26: Image not found for item SJ-SRB-3829

20-Sep-22 14:56:26: Image not found for item SJ-SRB-4067

20-Sep-22 14:56:26: Image not found for item SJ-SRB-6052

20-Sep-22 14:56:26: Image not found for item SJ-SRB-6102

20-Sep-22 14:56:26: Image not found for item SJ-SRB-6129

20-Sep-22 14:56:26: Image not found for item SJ-SRB-6149

20-Sep-22 14:56:26: Image not found for item SJ-SRB-6150

20-Sep-22 14:56:26: Image not found for item SJ-SRB-6151

20-Sep-22 14:56:26: Image not found for item SJ-SRB-6152

20-Sep-22 14:56:26: Image not found for item SJ-SRB-6153

20-Sep-22 14:56:26: Image not found for item SJ-SRB-6228

20-Sep-22 14:56:26: Image not found for item SJ-SRB-6501

20-Sep-22 14:56:26: Image not found for item SJ-SRB-6502

20-Sep-22 14:56:26: Image not found for item SJ-SRB-6814

20-Sep-22 14:56:26: Image not found for item SJ-SRB-6816

20-Sep-22 14:56:26: Image not found for item SJ-SRB-6817

20-Sep-22 14:56:26: Image not found for item SJ-SRB-6821

20-Sep-22 14:56:26: Image not found for item SJ-SRB-6861

20-Sep-22 14:56:26: Image not found for item SJ-SRB-6864

20-Sep-22 14:56:26: Image not found for item SJ-SRB-6866

20-Sep-22 14:56:26: Image not found for item SJ-SRB-6868

20-Sep-22 14:56:26: Image not found for item SJ-SRB-6929

20-Sep-22 14:56:26: Image not found for item SJ-SRB-6930 N

20-Sep-22 14:56:26: Image not found for item SJ-SRB-6931 N

20-Sep-22 14:56:26: Image not found for item SJ-SRB-6949

20-Sep-22 14:56:26: Image not found for item SJ-SRB-6964

20-Sep-22 14:56:26: Image not found for item SJ-SRB-7000

20-Sep-22 14:56:26: Image not found for item SJ-SRB-7006

20-Sep-22 14:56:26: Image not found for item SJ-SRB-7034

20-Sep-22 14:56:26: Image not found for item SJ-SRB-7035

20-Sep-22 14:56:26: Image not found for item SJ-SRB-704

20-Sep-22 14:56:26: Image not found for item SJ-SRB-7061

20-Sep-22 14:56:26: Image not found for item SJ-SRB-7062

20-Sep-22 14:56:26: Image not found for item SJ-SRB-8531

20-Sep-22 14:56:26: Image not found for item SJ-SRB-9024

20-Sep-22 14:56:26: Image not found for item SJ-SRB-9145

20-Sep-22 14:56:26: Image not found for item SJ-SRB-9191

20-Sep-22 14:56:26: Image not found for item SJ-SRB-9191B

20-Sep-22 14:56:26: Image not found for item SJ-SRB-9192

20-Sep-22 14:56:26: Image not found for item SJ-SRB-9302

20-Sep-22 14:56:26: Image not found for item SJ-STT-21K14

20-Sep-22 14:56:26: Image not found for item SJ-STT-21K18

20-Sep-22 14:56:26: Image not found for item SJ-STT-22F06

20-Sep-22 14:56:26: Image not found for item SJ-STT-22F07

20-Sep-22 14:56:26: Image not found for item SJ-STT-22F40

20-Sep-22 14:56:26: Image not found for item SJ-STT-22F53

20-Sep-22 14:56:26: Image not found for item SJ-STT-22G52

20-Sep-22 14:56:26: Image not found for item SJ-STT-22G60

20-Sep-22 14:56:26: Image not found for item SJ-STT-344

20-Sep-22 14:56:26: Image not found for item SJ-STT-3736

20-Sep-22 14:56:26: Image not found for item SJ-STT-3738

20-Sep-22 14:56:26: Image not found for item SJ-STT-3752

20-Sep-22 14:56:26: Image not found for item SJ-STT-3802

20-Sep-22 14:56:26: Image not found for item SJ-STT-434

20-Sep-22 14:56:26: Image not found for item SJ-STT-542

20-Sep-22 14:56:26: Image not found for item SJ-STT-543

20-Sep-22 14:56:26: Image not found for item SJ-STT-589

20-Sep-22 14:56:26: Image not found for item SJ-STT-591

20-Sep-22 14:56:26: Image not found for item SJ-STT-9067

20-Sep-22 14:56:26: Image not found for item SJ-STT-9177

20-Sep-22 14:56:26: Image not found for item SJ-STT-9306

20-Sep-22 14:56:26: Image not found for item SJ-STT-9307

20-Sep-22 14:56:26: Image not found for item SJ-STT-9501

20-Sep-22 14:56:26: Image not found for item SJ-STT-9505

20-Sep-22 14:56:26: Image not found for item SJ-STT-9506

20-Sep-22 14:56:26: Image not found for item SJ-HBN-30102C

20-Sep-22 14:56:26: Image not found for item SJ-HBN-30103B

20-Sep-22 14:56:26: Image not found for item SJ-HBN-30105B

20-Sep-22 14:56:26: Image not found for item SJ-HBN-301A

20-Sep-22 14:56:26: Image not found for item SJ-HBN-301MB

20-Sep-22 14:56:26: Image not found for item SJ-HBN-301SB

20-Sep-22 14:56:26: Image not found for item SJ-HBN-30702C

20-Sep-22 14:56:26: Image not found for item SJ-HBN-30703B

20-Sep-22 14:56:26: Image not found for item SJ-HBN-30705B

20-Sep-22 14:56:26: Image not found for item SJ-HBN-307MB

20-Sep-22 14:56:26: Image not found for item SJ-HBN-307SB

20-Sep-22 14:56:26: Image not found for item SJ-HBN-32502C

20-Sep-22 14:56:26: Image not found for item SJ-HBN-32503B

20-Sep-22 14:56:26: Image not found for item SJ-HBN-32503G

20-Sep-22 14:56:26: Image not found for item SJ-HBN-32505B

20-Sep-22 14:56:26: Image not found for item SJ-HBN-35002C

20-Sep-22 14:56:26: Image not found for item SJ-HBN-35003B

20-Sep-22 14:56:26: Image not found for item SJ-HBN-35003G

20-Sep-22 14:56:26: Image not found for item SJ-HBN-35005B

20-Sep-22 14:56:26: Image not found for item SJ-HBN-350MB

20-Sep-22 14:56:26: Image not found for item SJ-HBN-350SB

20-Sep-22 14:56:26: Image not found for item SJ-HBN-35102C

20-Sep-22 14:56:26: Image not found for item SJ-HBN-35103B

20-Sep-22 14:56:26: Image not found for item SJ-HBN-35103G

20-Sep-22 14:56:26: Image not found for item SJ-HBN-35105B

20-Sep-22 14:56:26: Image not found for item SJ-HBN-351A

20-Sep-22 14:56:26: Image not found for item SJ-HBN-351MB

20-Sep-22 14:56:26: Image not found for item SJ-HBN-351SB

20-Sep-22 14:56:26: Image not found for item SJ-HBN-35202C

20-Sep-22 14:56:26: Image not found for item SJ-HBN-35203B

20-Sep-22 14:56:26: Image not found for item SJ-HBN-35203G

20-Sep-22 14:56:26: Image not found for item SJ-HBN-35205B

20-Sep-22 14:56:26: Image not found for item SJ-HBN-352A

20-Sep-22 14:56:26: Image not found for item SJ-HBN-352MB

20-Sep-22 14:56:26: Image not found for item SJ-HBN-352SB

20-Sep-22 14:56:26: Image not found for item SJ-HBN-35902C

20-Sep-22 14:56:26: Image not found for item SJ-HBN-35903B

20-Sep-22 14:56:26: Image not found for item SJ-HBN-35903G

20-Sep-22 14:56:26: Image not found for item SJ-HBN-35905B

20-Sep-22 14:56:26: Image not found for item SJ-HBN-359MB

20-Sep-22 14:56:26: Image not found for item SJ-HBN-359SB

20-Sep-22 14:56:26: Image not found for item SJ-HBN-37502C

20-Sep-22 14:56:26: Image not found for item SJ-HBN-37503B

20-Sep-22 14:56:26: Image not found for item SJ-HBN-37505B

20-Sep-22 14:56:26: Image not found for item SJ-HBN-375MB

20-Sep-22 14:56:26: Image not found for item SJ-HBN-375SB

20-Sep-22 14:56:26: Image not found for item SJ-HCH-131902C

20-Sep-22 14:56:26: Image not found for item SJ-HCH-131905B

20-Sep-22 14:56:26: Image not found for item SJ-HCH-132003B

20-Sep-22 14:56:26: Image not found for item SJ-HCH-132005B

20-Sep-22 14:56:26: Image not found for item SJ-HCH-132902C

20-Sep-22 14:56:26: Image not found for item SJ-HCH-132903B

20-Sep-22 14:56:26: Image not found for item SJ-HCH-132905B

20-Sep-22 14:56:26: Image not found for item SJ-HCH-1329MB

20-Sep-22 14:56:26: Image not found for item SJ-HCH-1329SB

20-Sep-22 14:56:26: Image not found for item SJ-HCH-134902C

20-Sep-22 14:56:26: Image not found for item SJ-HCH-134905B

20-Sep-22 14:56:26: Image not found for item SJ-HCH-135002C

20-Sep-22 14:56:26: Image not found for item SJ-HCH-135003B

20-Sep-22 14:56:26: Image not found for item SJ-HCH-135005B

20-Sep-22 14:56:26: Image not found for item SJ-HCH-135802C

20-Sep-22 14:56:26: Image not found for item SJ-HCH-135803B

20-Sep-22 14:56:26: Image not found for item SJ-HCH-135805B

20-Sep-22 14:56:26: Image not found for item SJ-HCH-137602C

20-Sep-22 14:56:26: Image not found for item SJ-HCH-137603B

20-Sep-22 14:56:26: Image not found for item SJ-HCH-137605B

20-Sep-22 14:56:26: Image not found for item SJ-HCH-137702C

20-Sep-22 14:56:26: Image not found for item SJ-HCH-137703B

20-Sep-22 14:56:26: Image not found for item SJ-HCH-137705B

20-Sep-22 14:56:26: Image not found for item SJ-HCH-131903G

20-Sep-22 14:56:26: Image not found for item SJ-HCH-132003G

20-Sep-22 14:56:26: Image not found for item SJ-HCH-132903G

20-Sep-22 14:56:26: Image not found for item SJ-HCH-134903G

20-Sep-22 14:56:26: Image not found for item SJ-HCH-135003G

20-Sep-22 14:56:26: Image not found for item SJ-HCH-135803G

20-Sep-22 14:56:26: Image not found for item SJ-HCH-137603G

20-Sep-22 14:56:26: Image not found for item SJ-HCH-137703G

20-Sep-22 14:56:26: Image not found for item SJ-HCH-130702C

20-Sep-22 14:56:26: Image not found for item SJ-HCH-130703B

20-Sep-22 14:56:26: Image not found for item SJ-HCH-130705B

20-Sep-22 14:56:26: Image not found for item SJ-HCH-131202C

20-Sep-22 14:56:26: Image not found for item SJ-HCH-131203B

20-Sep-22 14:56:26: Image not found for item SJ-HCH-131205B

20-Sep-22 14:56:26: Image not found for item SJ-HCH-132203B

20-Sep-22 14:56:26: Image not found for item SJ-HCH-132205B

20-Sep-22 14:56:26: Image not found for item SJ-HCH-132802C

20-Sep-22 14:56:26: Image not found for item SJ-HCH-132803B

20-Sep-22 14:56:26: Image not found for item SJ-HCH-132805B

20-Sep-22 14:56:26: Image not found for item SJ-HCH-1328MB

20-Sep-22 14:56:26: Image not found for item SJ-HCH-1328SB

20-Sep-22 14:56:26: Image not found for item SJ-HCH-139702C

20-Sep-22 14:56:26: Image not found for item SJ-HCH-139703B

20-Sep-22 14:56:26: Image not found for item SJ-HCH-139705B

20-Sep-22 14:56:26: Image not found for item SJ-HCH-1397MB

20-Sep-22 14:56:26: Image not found for item SJ-HCH-1397SB

20-Sep-22 14:56:26: Image not found for item SJ-HCH-139803B

20-Sep-22 14:56:26: Image not found for item SJ-HCH-139805B

20-Sep-22 14:56:26: Image not found for item SJ-HCH-1398MB

20-Sep-22 14:56:26: Image not found for item SJ-HCH-1398SB

20-Sep-22 14:56:26: Image not found for item SJ-HCH-141502C

20-Sep-22 14:56:26: Image not found for item SJ-HCH-141505B

20-Sep-22 14:56:26: Image not found for item SJ-HCH-1415MB

20-Sep-22 14:56:26: Image not found for item SJ-HCH-1415SB

20-Sep-22 14:56:26: Image not found for item SJ-HCH-130703G

20-Sep-22 14:56:26: Image not found for item SJ-HCH-131203G

20-Sep-22 14:56:26: Image not found for item SJ-HCH-132203G

20-Sep-22 14:56:26: Image not found for item SJ-HCH-132803G

20-Sep-22 14:56:26: Image not found for item SJ-HCH-139703G

20-Sep-22 14:56:26: Image not found for item SJ-HCH-139803G

20-Sep-22 14:56:26: Image not found for item SJ-HCH-141503G

20-Sep-22 14:56:26: Image not found for item SJ-HCH-131502C

20-Sep-22 14:56:26: Image not found for item SJ-HCH-131503B

20-Sep-22 14:56:26: Image not found for item SJ-HCH-131505B

20-Sep-22 14:56:26: Image not found for item SJ-HCH-132102C

20-Sep-22 14:56:26: Image not found for item SJ-HCH-132103B

20-Sep-22 14:56:26: Image not found for item SJ-HCH-132105B

20-Sep-22 14:56:26: Image not found for item SJ-HCH-134502C

20-Sep-22 14:56:26: Image not found for item SJ-HCH-134503B

20-Sep-22 14:56:26: Image not found for item SJ-HCH-134505B

20-Sep-22 14:56:26: Image not found for item SJ-HCH-134602C

20-Sep-22 14:56:26: Image not found for item SJ-HCH-134603B

20-Sep-22 14:56:26: Image not found for item SJ-HCH-134605B

20-Sep-22 14:56:26: Image not found for item SJ-HCH-140102C

20-Sep-22 14:56:26: Image not found for item SJ-HCH-140103B

20-Sep-22 14:56:26: Image not found for item SJ-HCH-140105B

20-Sep-22 14:56:26: Image not found for item SJ-HCH-131503G

20-Sep-22 14:56:26: Image not found for item SJ-HCH-132103G

20-Sep-22 14:56:26: Image not found for item SJ-HCH-134503G

20-Sep-22 14:56:26: Image not found for item SJ-HCH-134603G

20-Sep-22 14:56:26: Image not found for item SJ-HCH-140103G

20-Sep-22 14:56:26: Image not found for item SJ-HCH-135602C

20-Sep-22 14:56:26: Image not found for item SJ-HCH-135603B

20-Sep-22 14:56:26: Image not found for item SJ-HCH-135605B

20-Sep-22 14:56:26: Image not found for item SJ-HCH-1356MB

20-Sep-22 14:56:26: Image not found for item SJ-HCH-1356SB

20-Sep-22 14:56:26: Image not found for item SJ-HCH-135603G

20-Sep-22 14:56:26: Image not found for item SJ-HCH-1356A

20-Sep-22 14:56:26: Image not found for item SJ-HHB-52503B

20-Sep-22 14:56:26: Image not found for item SJ-HHB-525A

20-Sep-22 14:56:26: Image not found for item SJ-HHB-525MB

20-Sep-22 14:56:26: Image not found for item SJ-HHB-525SB

20-Sep-22 14:56:26: Image not found for item SJ-HHB-58102C

20-Sep-22 14:56:26: Image not found for item SJ-HHB-58103B

20-Sep-22 14:56:26: Image not found for item SJ-HHB-58105B

20-Sep-22 14:56:26: Image not found for item SJ-HHB-581SB

20-Sep-22 14:56:26: Image not found for item SJ-HHB-58302C

20-Sep-22 14:56:26: Image not found for item SJ-HHB-58303B

20-Sep-22 14:56:26: Image not found for item SJ-HHB-58305B

20-Sep-22 14:56:26: Image not found for item SJ-HHB-583MB

20-Sep-22 14:56:26: Image not found for item SJ-HHB-58503B

20-Sep-22 14:56:26: Image not found for item SJ-HHB-585MB

20-Sep-22 14:56:26: Image not found for item SJ-HHB-585SB

20-Sep-22 14:56:26: Image not found for item SJ-SRP-6825

20-Sep-22 14:56:26: Image not found for item SJ-SRP-9055

20-Sep-22 14:56:26: Image not found for item SJ-SRP-9056

20-Sep-22 14:56:26: Image not found for item SJ-SRP-9057

20-Sep-22 14:56:26: Image not found for item SJ-SRP-9058

20-Sep-22 14:56:26: Image not found for item SJ-SRP-9059

20-Sep-22 14:56:26: Image not found for item SJ-HATX-190Z

20-Sep-22 14:56:26: Image not found for item SJ-HATX-238Z

20-Sep-22 14:56:26: Image not found for item SJ-HAYZ-3007Z

20-Sep-22 14:56:26: Image not found for item SJ-TX-7982Z

20-Sep-22 14:56:26: Image not found for item SJ-TX-8035Z

20-Sep-22 14:56:26: Image not found for item SJ-TX-8293Z

20-Sep-22 14:56:26: Image not found for item SJ-TX-8326Z

20-Sep-22 14:56:26: Image not found for item SJ-TX-8360Z

20-Sep-22 14:56:26: Image not found for item SJ-TXTD-6731Z

20-Sep-22 14:56:26: Image not found for item SJ-TXTD-6778Z

20-Sep-22 14:56:26: Image not found for item SJ-TXTD-6906Z

20-Sep-22 14:56:26: Image not found for item SJ-TXTD-6922Z

20-Sep-22 14:56:26: Image not found for item SJ-TXTD-6954Z

20-Sep-22 14:56:26: Image not found for item SJ-TXYJ-798Z

20-Sep-22 14:56:26: Image not found for item SJ-TXYJ-812Z

20-Sep-22 14:56:26: Image not found for item SJ-TXYJ-843Z

20-Sep-22 14:56:26: Image not found for item SJ-TXYJ-844Z

20-Sep-22 14:56:26: Image not found for item SJ-TXYJ-845Z

20-Sep-22 14:56:26: Image not found for item SJ-TXYJ-847Z

20-Sep-22 14:56:26: Image not found for item SJ-TXYJ-849Z

20-Sep-22 14:56:26: Image not found for item SJ-TXYJ-850Z

20-Sep-22 14:56:26: Image not found for item SJ-TXYJ-851Z

20-Sep-22 14:56:26: Image not found for item SJ-TXYJ-852Z

20-Sep-22 14:56:26: Image not found for item SJ-SBR-1044

20-Sep-22 14:56:26: Image not found for item SJ-SBR-22F39

20-Sep-22 14:56:26: Image not found for item SJ-SBR-3150

20-Sep-22 14:56:26: Image not found for item SJ-SBR-351

20-Sep-22 14:56:26: Image not found for item SJ-SBR-3596

20-Sep-22 14:56:26: Image not found for item SJ-SBR-3786

20-Sep-22 14:56:26: Image not found for item SJ-SBR-4180

20-Sep-22 14:56:26: Image not found for item SJ-SBR-604

20-Sep-22 14:56:26: Image not found for item SJ-SBR-6195

20-Sep-22 14:56:26: Image not found for item SJ-SBR-9019

20-Sep-22 14:56:26: Image not found for item SJ-SBR-9071

20-Sep-22 14:56:26: Image not found for item SJ-SBR-9074

20-Sep-22 14:56:26: Image not found for item SJ-SBR-9075

20-Sep-22 14:56:26: Image not found for item SJ-SBR-9076

20-Sep-22 14:56:26: Image not found for item SJ-SBR-9077

20-Sep-22 14:56:26: Image not found for item SJ-SBR-9105

20-Sep-22 14:56:26: Image not found for item SJ-SBR-9118

20-Sep-22 14:56:26: Image not found for item SJ-SBR-9121

20-Sep-22 14:56:26: Image not found for item SJ-SBR-9130

20-Sep-22 14:56:26: Image not found for item SJ-SER-606

20-Sep-22 14:56:26: Image not found for item SJ-SER-607

20-Sep-22 14:56:26: Image not found for item SJ-SER-612

20-Sep-22 14:56:26: Image not found for item SJ-SER-614

20-Sep-22 14:56:26: Image not found for item SJ-SER-615

20-Sep-22 14:56:26: Image not found for item SJ-SER-616

20-Sep-22 14:56:26: Image not found for item SJ-SER-617

20-Sep-22 14:56:26: Image not found for item SJ-SER-620

20-Sep-22 14:56:26: Image not found for item SJ-SER-626

20-Sep-22 14:56:26: Image not found for item SJ-SER-628

20-Sep-22 14:56:26: Image not found for item SJ-SER-9005

20-Sep-22 14:56:26: Image not found for item SJ-SER-9008

20-Sep-22 14:56:26: Image not found for item SJ-SFR-2001

20-Sep-22 14:56:26: Image not found for item SJ-SFR-3163

20-Sep-22 14:56:26: Image not found for item SJ-SML-3087

20-Sep-22 14:56:26: Image not found for item SJ-SNK-22F35

20-Sep-22 14:56:26: Image not found for item SJ-SNK-22F36

20-Sep-22 14:56:26: Image not found for item SJ-SNK-22F37

20-Sep-22 14:56:26: Image not found for item SJ-SNK-22F38

20-Sep-22 14:56:26: Image not found for item SJ-SNK-6818

20-Sep-22 14:56:26: Image not found for item SJ-SNK-766

20-Sep-22 14:56:26: Image not found for item SJ-SNK-8507

20-Sep-22 14:56:26: Image not found for item SJ-SNK-9126

20-Sep-22 14:56:26: Image not found for item SJ-SNK-9128

20-Sep-22 14:56:26: Image not found for item SJ-SRP-337

20-Sep-22 14:56:26: Image not found for item SJ-SRP-562

20-Sep-22 14:56:26: Image not found for item SJ-STP-1200

20-Sep-22 14:56:26: Image not found for item SJ-STP-1201

20-Sep-22 14:56:26: Image not found for item SJ-STP-3677

20-Sep-22 14:56:26: Image not found for item SJ-STP-593

20-Sep-22 14:56:26: Image not found for item KJ-18

20-Sep-22 14:56:26: Image not found for item SJ-204-11

20-Sep-22 14:56:26: Image not found for item PN-11

20-Sep-22 14:56:26: Image not found for item PN-12

20-Sep-22 14:56:26: Image not found for item PN-6

20-Sep-22 14:56:26: Image not found for item LOOM BANDS

20-Sep-22 14:56:26: Image not found for item SJ-2A-1051

20-Sep-22 14:56:26: Image not found for item SJ-PN-1059

20-Sep-22 14:56:26: Image not found for item SJ-PN-2045

20-Sep-22 14:56:26: Image not found for item SJ-PN-503

20-Sep-22 14:56:26: Image not found for item SJ-PN-512

20-Sep-22 14:56:26: Image not found for item SJ-PN-539

20-Sep-22 14:56:26: Image not found for item SJ-PN-585

20-Sep-22 14:56:26: Image not found for item SJ-PN-588

20-Sep-22 14:56:26: Image not found for item SJ-PN-593

20-Sep-22 14:56:26: Image not found for item SJ-PN-7001

20-Sep-22 14:56:26: Image not found for item SJ-PN-7009

20-Sep-22 14:56:26: Image not found for item RAW TIK TIK

20-Sep-22 14:56:26: All details and files imported.

20-Sep-22 14:56:26: Ready to create images.

