root 12-Sep-22 19:52:49: Creating images for item 'SJ-SRB-22A05'
root 12-Sep-22 19:52:50: Images created.
root 12-Sep-22 19:52:50: Creating images for item 'SJ-SRB-21L50'
root 12-Sep-22 19:52:50: Images created.
root 12-Sep-22 19:52:50: Creating images for item 'SJ-SHB-22F02'
root 12-Sep-22 19:52:50: Images created.
root 12-Sep-22 19:52:50: Creating images for item 'SJ-SHB-22C08'
root 12-Sep-22 19:52:50: Images created.
root 12-Sep-22 19:52:50: Creating images for item 'SJ-SHB-22F01'
root 12-Sep-22 19:52:50: Images created.
root 12-Sep-22 19:52:50: Creating images for item 'SJ-SRB-22C14'
root 12-Sep-22 19:52:50: Images created.
root 12-Sep-22 19:52:50: Creating images for item 'SJ-SRB-22C11'
root 12-Sep-22 19:52:50: Images created.
root 12-Sep-22 19:52:50: Creating images for item 'SJ-SRB-22C12'
root 12-Sep-22 19:52:51: Images created.
root 12-Sep-22 19:52:51: Creating images for item 'SJ-STT-22F27'
root 12-Sep-22 19:52:51: Images created.
root 12-Sep-22 19:52:51: Creating images for item 'SJ-STT-22C09'
root 12-Sep-22 19:52:51: Images created.
root 12-Sep-22 19:52:51: Creating images for item 'SJ-STT-22F26'
root 12-Sep-22 19:52:51: Images created.
