root 20-Sep-22 17:14:53: Image not found for item SJ-SBN-1001L
root 20-Sep-22 17:14:53: Image not found for item SJ-SBN-1002L
root 20-Sep-22 17:14:53: Image not found for item SJ-SBN-21L97
root 20-Sep-22 17:14:53: Image not found for item SJ-SBN-22A31
root 20-Sep-22 17:14:53: Image not found for item SJ-SBN-22A32
root 20-Sep-22 17:14:53: Image not found for item SJ-SBN-414
root 20-Sep-22 17:14:53: Image not found for item SJ-SBN-4174
root 20-Sep-22 17:14:53: Image not found for item SJ-SBN-8509
root 20-Sep-22 17:14:53: Image not found for item SJ-SBN-8510
root 20-Sep-22 17:14:53: Image not found for item SJ-SBN-8526
root 20-Sep-22 17:14:53: Image not found for item SJ-SBN-9155
root 20-Sep-22 17:14:53: Image not found for item SJ-SBN-9156
root 20-Sep-22 17:14:53: Image not found for item SJ-SBN-9191
root 20-Sep-22 17:14:53: Image not found for item SJ-SSP-056
root 20-Sep-22 17:14:53: Image not found for item SJ-SSP-105
root 20-Sep-22 17:14:53: Image not found for item SJ-SSP-132L
root 20-Sep-22 17:14:53: Image not found for item SJ-SSP-2144
root 20-Sep-22 17:14:53: Image not found for item SJ-SSP-21K11
root 20-Sep-22 17:14:53: Image not found for item SJ-SSP-21K12
root 20-Sep-22 17:14:53: Image not found for item SJ-SSP-21K13
root 20-Sep-22 17:14:53: Image not found for item SJ-SSP-21K35
root 20-Sep-22 17:14:53: Image not found for item SJ-SSP-21K40
root 20-Sep-22 17:14:53: Image not found for item SJ-SSP-21K41
root 20-Sep-22 17:14:53: Image not found for item SJ-SSP-21K62
root 20-Sep-22 17:14:53: Image not found for item SJ-SSP-21L04
root 20-Sep-22 17:14:53: Image not found for item SJ-SSP-21L05
root 20-Sep-22 17:14:53: Image not found for item SJ-SSP-21L07
root 20-Sep-22 17:14:53: Image not found for item SJ-SSP-21L11
root 20-Sep-22 17:14:53: Image not found for item SJ-SSP-2212
root 20-Sep-22 17:14:53: Image not found for item SJ-SSP-2213
root 20-Sep-22 17:14:53: Image not found for item SJ-SSP-22A01
root 20-Sep-22 17:14:53: Image not found for item SJ-SSP-22A02
root 20-Sep-22 17:14:53: Image not found for item SJ-SSP-22A03
root 20-Sep-22 17:14:53: Image not found for item SJ-SSP-22A04
root 20-Sep-22 17:14:53: Image not found for item SJ-SSP-22A18
root 20-Sep-22 17:14:53: Image not found for item SJ-SSP-22A20
root 20-Sep-22 17:14:53: Image not found for item SJ-SSP-22A23
root 20-Sep-22 17:14:53: Image not found for item SJ-SSP-22C03
root 20-Sep-22 17:14:53: Image not found for item SJ-SSP-22C06
root 20-Sep-22 17:14:53: Image not found for item SJ-SSP-22F31
root 20-Sep-22 17:14:53: Image not found for item SJ-SSP-22F33
root 20-Sep-22 17:14:53: Image not found for item SJ-SSP-22F48
root 20-Sep-22 17:14:53: Image not found for item SJ-SSP-22F49
root 20-Sep-22 17:14:53: Image not found for item SJ-SSP-22F54
root 20-Sep-22 17:14:53: Image not found for item SJ-SSP-22F55
root 20-Sep-22 17:14:53: Image not found for item SJ-SSP-22F56
root 20-Sep-22 17:14:53: Image not found for item SJ-SSP-22F57
root 20-Sep-22 17:14:53: Image not found for item SJ-SSP-22F82
root 20-Sep-22 17:14:53: Image not found for item SJ-SSP-22F83
root 20-Sep-22 17:14:53: Image not found for item SJ-SSP-22F84
root 20-Sep-22 17:14:53: Image not found for item SJ-SSP-22F85
root 20-Sep-22 17:14:53: Image not found for item SJ-SSP-22F86
root 20-Sep-22 17:14:53: Image not found for item SJ-SSP-22F87
root 20-Sep-22 17:14:53: Image not found for item SJ-SSP-22F88
root 20-Sep-22 17:14:53: Image not found for item SJ-SSP-22F89
root 20-Sep-22 17:14:53: Image not found for item SJ-SSP-22G34
root 20-Sep-22 17:14:53: Image not found for item SJ-SSP-22G35
root 20-Sep-22 17:14:53: Image not found for item SJ-SSP-22G36
root 20-Sep-22 17:14:53: Image not found for item SJ-SSP-22G37
root 20-Sep-22 17:14:53: Image not found for item SJ-SSP-22G39
root 20-Sep-22 17:14:53: Image not found for item SJ-SSP-22G40
root 20-Sep-22 17:14:53: Image not found for item SJ-SSP-22G41
root 20-Sep-22 17:14:53: Image not found for item SJ-SSP-22G42
root 20-Sep-22 17:14:53: Image not found for item SJ-SSP-22G43
root 20-Sep-22 17:14:53: Image not found for item SJ-SSP-22G44
root 20-Sep-22 17:14:53: Image not found for item SJ-SSP-22G45
root 20-Sep-22 17:14:53: Image not found for item SJ-SSP-22G46
root 20-Sep-22 17:14:53: Image not found for item SJ-SSP-22G47
root 20-Sep-22 17:14:53: Image not found for item SJ-SSP-22G48
root 20-Sep-22 17:14:53: Image not found for item SJ-SSP-22G49
root 20-Sep-22 17:14:53: Image not found for item SJ-SSP-22G50
root 20-Sep-22 17:14:53: Image not found for item SJ-SSP-22G51
root 20-Sep-22 17:14:53: Image not found for item SJ-SSP-22G53
root 20-Sep-22 17:14:53: Image not found for item SJ-SSP-22G54
root 20-Sep-22 17:14:53: Image not found for item SJ-SSP-22G55
root 20-Sep-22 17:14:53: Image not found for item SJ-SSP-22G56
root 20-Sep-22 17:14:53: Image not found for item SJ-SSP-22G57
root 20-Sep-22 17:14:53: Image not found for item SJ-SSP-22G58
root 20-Sep-22 17:14:53: Image not found for item SJ-SSP-22G59
root 20-Sep-22 17:14:53: Image not found for item SJ-SSP-317
root 20-Sep-22 17:14:53: Image not found for item SJ-SSP-332L
root 20-Sep-22 17:14:53: Image not found for item SJ-SSP-4204
root 20-Sep-22 17:14:53: Image not found for item SJ-SSP-590
root 20-Sep-22 17:14:53: Image not found for item SJ-SSP-6207
root 20-Sep-22 17:14:53: Image not found for item SJ-SSP-632L
root 20-Sep-22 17:14:53: Image not found for item SJ-SSP-6824
root 20-Sep-22 17:14:53: Image not found for item SJ-SSP-6953
root 20-Sep-22 17:14:53: Image not found for item SJ-SSP-6954
root 20-Sep-22 17:14:53: Image not found for item SJ-SSP-6956
root 20-Sep-22 17:14:53: Image not found for item SJ-SSP-7014
root 20-Sep-22 17:14:53: Image not found for item SJ-SSP-7058
root 20-Sep-22 17:14:53: Image not found for item SJ-SSP-7059
root 20-Sep-22 17:14:53: Image not found for item SJ-SSP-7060
root 20-Sep-22 17:14:53: Image not found for item SJ-SSP-732L
root 20-Sep-22 17:14:53: Image not found for item SJ-SSP-832L
root 20-Sep-22 17:14:53: Image not found for item SJ-SSP-8517
root 20-Sep-22 17:14:53: Image not found for item SJ-SSP-8544
root 20-Sep-22 17:14:53: Image not found for item SJ-SSP-8805
root 20-Sep-22 17:14:53: Image not found for item SJ-SSP-9012
root 20-Sep-22 17:14:53: Image not found for item SJ-SSP-9013
root 20-Sep-22 17:14:53: Image not found for item SJ-SSP-9070
root 20-Sep-22 17:14:53: Image not found for item SJ-SSP-9087
root 20-Sep-22 17:14:53: Image not found for item SJ-SSP-9110
root 20-Sep-22 17:14:53: Image not found for item SJ-SSP-9133
root 20-Sep-22 17:14:53: Image not found for item SJ-SSP-9139
root 20-Sep-22 17:14:53: Image not found for item SJ-SSP-9140
root 20-Sep-22 17:14:53: Image not found for item SJ-SSP-9141
root 20-Sep-22 17:14:53: Image not found for item SJ-SSP-9186
root 20-Sep-22 17:14:53: Image not found for item SJ-SSP-9215
root 20-Sep-22 17:14:53: Image not found for item SJ-SSP-925I
root 20-Sep-22 17:14:53: Image not found for item SJ-SHB-013
root 20-Sep-22 17:14:53: Image not found for item SJ-SHB-014
root 20-Sep-22 17:14:53: Image not found for item SJ-SHB-162
root 20-Sep-22 17:14:53: Image not found for item SJ-SHB-182
root 20-Sep-22 17:14:53: Image not found for item SJ-SHB-2007
root 20-Sep-22 17:14:53: Image not found for item SJ-SHB-21K01
root 20-Sep-22 17:14:53: Image not found for item SJ-SHB-21K03
root 20-Sep-22 17:14:53: Image not found for item SJ-SHB-21K19
root 20-Sep-22 17:14:53: Image not found for item SJ-SHB-21K45
root 20-Sep-22 17:14:53: Image not found for item SJ-SHB-21K47
root 20-Sep-22 17:14:53: Image not found for item SJ-SHB-21K51
root 20-Sep-22 17:14:53: Image not found for item SJ-SHB-21L08
root 20-Sep-22 17:14:53: Image not found for item SJ-SHB-21L16
root 20-Sep-22 17:14:53: Image not found for item SJ-SHB-22E04
root 20-Sep-22 17:14:53: Image not found for item SJ-SHB-22E05
root 20-Sep-22 17:14:53: Image not found for item SJ-SHB-22E14
root 20-Sep-22 17:14:53: Image not found for item SJ-SHB-22E15
root 20-Sep-22 17:14:53: Image not found for item SJ-SHB-22F08
root 20-Sep-22 17:14:53: Image not found for item SJ-SHB-22F09
root 20-Sep-22 17:14:53: Image not found for item SJ-SHB-22F10
root 20-Sep-22 17:14:53: Image not found for item SJ-SHB-22F11
root 20-Sep-22 17:14:53: Image not found for item SJ-SHB-22F20
root 20-Sep-22 17:14:53: Image not found for item SJ-SHB-22F21
root 20-Sep-22 17:14:53: Image not found for item SJ-SHB-22F24
root 20-Sep-22 17:14:53: Image not found for item SJ-SHB-22F25
root 20-Sep-22 17:14:53: Image not found for item SJ-SHB-323
root 20-Sep-22 17:14:53: Image not found for item SJ-SHB-324
root 20-Sep-22 17:14:53: Image not found for item SJ-SHB-3630N
root 20-Sep-22 17:14:53: Image not found for item SJ-SHB-3632N
root 20-Sep-22 17:14:53: Image not found for item SJ-SHB-479
root 20-Sep-22 17:14:53: Image not found for item SJ-SHB-6090
root 20-Sep-22 17:14:53: Image not found for item SJ-SHB-6095
root 20-Sep-22 17:14:53: Image not found for item SJ-SHB-6832
root 20-Sep-22 17:14:53: Image not found for item SJ-SHB-6967
root 20-Sep-22 17:14:53: Image not found for item SJ-SHB-7070
root 20-Sep-22 17:14:53: Image not found for item SJ-SHB-8002
root 20-Sep-22 17:14:53: Image not found for item SJ-SHB-8009
root 20-Sep-22 17:14:53: Image not found for item SJ-SHB-909B
root 20-Sep-22 17:14:53: Image not found for item SJ-SHB-9166
root 20-Sep-22 17:14:53: Image not found for item SJ-SHB-918A
root 20-Sep-22 17:14:53: Image not found for item SJ-SHB-9196
root 20-Sep-22 17:14:53: Image not found for item SJ-SHB-9199
root 20-Sep-22 17:14:53: Image not found for item SJ-SHB-9223
root 20-Sep-22 17:14:53: Image not found for item SJ-SHB-926A
root 20-Sep-22 17:14:53: Image not found for item SJ-SHB-9623
root 20-Sep-22 17:14:53: Image not found for item TIS-SHB-2081
root 20-Sep-22 17:14:53: Image not found for item SJ-SCH-22Z26
root 20-Sep-22 17:14:53: Image not found for item SJ-JCH-7020
root 20-Sep-22 17:14:53: Image not found for item SJ-JCH-7021
root 20-Sep-22 17:14:53: Image not found for item SJ-SCH-1003L
root 20-Sep-22 17:14:53: Image not found for item SJ-SCH-101R
root 20-Sep-22 17:14:53: Image not found for item SJ-SCH-1067
root 20-Sep-22 17:14:53: Image not found for item SJ-SCH-205
root 20-Sep-22 17:14:53: Image not found for item SJ-SCH-2153
root 20-Sep-22 17:14:53: Image not found for item SJ-SCH-21K63
root 20-Sep-22 17:14:53: Image not found for item SJ-SCH-21K64
root 20-Sep-22 17:14:53: Image not found for item SJ-SCH-21K65
root 20-Sep-22 17:14:53: Image not found for item SJ-SCH-21K66
root 20-Sep-22 17:14:53: Image not found for item SJ-SCH-21K67
root 20-Sep-22 17:14:53: Image not found for item SJ-SCH-21K68
root 20-Sep-22 17:14:53: Image not found for item SJ-SCH-21K84
root 20-Sep-22 17:14:53: Image not found for item SJ-SCH-21L105
root 20-Sep-22 17:14:53: Image not found for item SJ-SCH-21L13
root 20-Sep-22 17:14:53: Image not found for item SJ-SCH-21L22
root 20-Sep-22 17:14:53: Image not found for item SJ-SCH-21L28
root 20-Sep-22 17:14:53: Image not found for item SJ-SCH-21L34
root 20-Sep-22 17:14:53: Image not found for item SJ-SCH-21L35
root 20-Sep-22 17:14:53: Image not found for item SJ-SCH-21L36
root 20-Sep-22 17:14:53: Image not found for item SJ-SCH-21L38
root 20-Sep-22 17:14:53: Image not found for item SJ-SCH-21L39
root 20-Sep-22 17:14:53: Image not found for item SJ-SCH-21L33
root 20-Sep-22 17:14:53: Image not found for item SJ-SCH-21L31
root 20-Sep-22 17:14:53: Image not found for item SJ-SCH-21L40
root 20-Sep-22 17:14:53: Image not found for item SJ-SCH-21L87
root 20-Sep-22 17:14:53: Image not found for item SJ-SCH-22A05
root 20-Sep-22 17:14:53: Image not found for item SJ-SCH-22C04
root 20-Sep-22 17:14:53: Image not found for item SJ-SCH-22F50
root 20-Sep-22 17:14:53: Image not found for item SJ-SCH-22G28
root 20-Sep-22 17:14:53: Image not found for item SJ-SCH-22G29
root 20-Sep-22 17:14:53: Image not found for item SJ-SCH-22G30
root 20-Sep-22 17:14:53: Image not found for item SJ-SCH-254
root 20-Sep-22 17:14:53: Image not found for item SJ-SCH-295
root 20-Sep-22 17:14:53: Image not found for item SJ-SCH-3081
root 20-Sep-22 17:14:53: Image not found for item SJ-SCH-3563A
root 20-Sep-22 17:14:53: Image not found for item SJ-SCH-394
root 20-Sep-22 17:14:53: Image not found for item SJ-SCH-4019
root 20-Sep-22 17:14:53: Image not found for item SJ-SCH-4175
root 20-Sep-22 17:14:53: Image not found for item SJ-SCH-421
root 20-Sep-22 17:14:53: Image not found for item SJ-SCH-6002
root 20-Sep-22 17:14:53: Image not found for item SJ-SCH-6003
root 20-Sep-22 17:14:53: Image not found for item SJ-SCH-6004
root 20-Sep-22 17:14:53: Image not found for item SJ-SCH-6005
root 20-Sep-22 17:14:53: Image not found for item SJ-SCH-6006
root 20-Sep-22 17:14:53: Image not found for item SJ-SCH-6008
root 20-Sep-22 17:14:53: Image not found for item SJ-SCH-6010
root 20-Sep-22 17:14:53: Image not found for item SJ-SCH-6018
root 20-Sep-22 17:14:53: Image not found for item SJ-SCH-6030
root 20-Sep-22 17:14:53: Image not found for item SJ-SCH-6049
root 20-Sep-22 17:14:53: Image not found for item SJ-SCH-6167
root 20-Sep-22 17:14:53: Image not found for item SJ-SCH-6713
root 20-Sep-22 17:14:53: Image not found for item SJ-SCH-6802
root 20-Sep-22 17:14:53: Image not found for item SJ-SCH-6884
root 20-Sep-22 17:14:53: Image not found for item SJ-SCH-6892
root 20-Sep-22 17:14:53: Image not found for item SJ-SCH-6894
root 20-Sep-22 17:14:53: Image not found for item SJ-SCH-6999
root 20-Sep-22 17:14:53: Image not found for item SJ-SCH-8001
root 20-Sep-22 17:14:53: Image not found for item SJ-SCH-8003
root 20-Sep-22 17:14:53: Image not found for item SJ-SCH-8005
root 20-Sep-22 17:14:53: Image not found for item SJ-SCH-8007
root 20-Sep-22 17:14:53: Image not found for item SJ-SCH-8013
root 20-Sep-22 17:14:53: Image not found for item SJ-SCH-8015
root 20-Sep-22 17:14:53: Image not found for item SJ-SCH-8523
root 20-Sep-22 17:14:53: Image not found for item SJ-SCH-8524
root 20-Sep-22 17:14:53: Image not found for item SJ-SCH-9019
root 20-Sep-22 17:14:53: Image not found for item SJ-SCH-9054
root 20-Sep-22 17:14:53: Image not found for item SJ-SCH-9094
root 20-Sep-22 17:14:53: Image not found for item SJ-SCH-9095
root 20-Sep-22 17:14:53: Image not found for item SJ-SCH-9096
root 20-Sep-22 17:14:53: Image not found for item SJ-SCH-9097
root 20-Sep-22 17:14:53: Image not found for item SJ-SCH-9098
root 20-Sep-22 17:14:53: Image not found for item SJ-SCH-9100
root 20-Sep-22 17:14:53: Image not found for item SJ-SCH-9151
root 20-Sep-22 17:14:53: Image not found for item SJ-SCH-9157
root 20-Sep-22 17:14:53: Image not found for item SJ-SCH-9205
root 20-Sep-22 17:14:53: Image not found for item SJ-SCH-9206
root 20-Sep-22 17:14:53: Image not found for item SJ-SCH-9207
root 20-Sep-22 17:14:53: Image not found for item SJ-SCH-9208
root 20-Sep-22 17:14:53: Image not found for item SJ-SCH-9209
root 20-Sep-22 17:14:53: Image not found for item SJ-SCH-9211
root 20-Sep-22 17:14:53: Image not found for item SJ-SCH-9211N
root 20-Sep-22 17:14:53: Image not found for item SJ-SCH-9212
root 20-Sep-22 17:14:53: Image not found for item SJ-SCH-9212N
root 20-Sep-22 17:14:53: Image not found for item SJ-SCH-9213
root 20-Sep-22 17:14:53: Image not found for item SJ-SCH-9311
root 20-Sep-22 17:14:53: Image not found for item SJ-SCH-9312
root 20-Sep-22 17:14:53: Image not found for item SJ-SCH-9313
root 20-Sep-22 17:14:53: Image not found for item SJ-SCH-9314
root 20-Sep-22 17:14:53: Image not found for item SJ-SCH-9316
root 20-Sep-22 17:14:53: Image not found for item SJ-SCH-9328
root 20-Sep-22 17:14:53: Image not found for item SJ-SCH-9329
root 20-Sep-22 17:14:53: Image not found for item SJ-SCH-9341
root 20-Sep-22 17:14:53: Image not found for item SJ-SCH-9342
root 20-Sep-22 17:14:53: Image not found for item SJ-SSP-22F03
root 20-Sep-22 17:14:53: Image not found for item SJ-SSP-22F04
root 20-Sep-22 17:14:53: Image not found for item SJ-SSP-22F05
root 20-Sep-22 17:14:53: Image not found for item SJ-SHP-3133
root 20-Sep-22 17:14:53: Image not found for item SJ-SHP-579
root 20-Sep-22 17:14:53: Image not found for item SJ-SHP-623A
root 20-Sep-22 17:14:53: Image not found for item SJ-SJP-139
root 20-Sep-22 17:14:53: Image not found for item SJ-SJP-141
root 20-Sep-22 17:14:53: Image not found for item SJ-SJP-22A19
root 20-Sep-22 17:14:53: Image not found for item SJ-SJP-22E13
root 20-Sep-22 17:14:53: Image not found for item SJ-SJP-9326
root 20-Sep-22 17:14:53: Image not found for item SJ-SJP-FANCY
root 20-Sep-22 17:14:53: Image not found for item SJ-SRB-098
root 20-Sep-22 17:14:53: Image not found for item SJ-SRB-099
root 20-Sep-22 17:14:53: Image not found for item SJ-SRB-101
root 20-Sep-22 17:14:53: Image not found for item SJ-SRB-102
root 20-Sep-22 17:14:53: Image not found for item SJ-SRB-107N
root 20-Sep-22 17:14:53: Image not found for item SJ-SRB-106N
root 20-Sep-22 17:14:53: Image not found for item SJ-SRB-105N
root 20-Sep-22 17:14:53: Image not found for item SJ-SRB-104N
root 20-Sep-22 17:14:53: Image not found for item SJ-SRB-107
root 20-Sep-22 17:14:53: Image not found for item SJ-SRB-108
root 20-Sep-22 17:14:53: Image not found for item SJ-SRB-1101L
root 20-Sep-22 17:14:53: Image not found for item SJ-SRB-1102L
root 20-Sep-22 17:14:53: Image not found for item SJ-SRB-1103L
root 20-Sep-22 17:14:53: Image not found for item SJ-SRB-1115
root 20-Sep-22 17:14:53: Image not found for item SJ-SRB-1245
root 20-Sep-22 17:14:53: Image not found for item SJ-SRB-215
root 20-Sep-22 17:14:53: Image not found for item SJ-SRB-21K61
root 20-Sep-22 17:14:53: Image not found for item SJ-SRB-21L01
root 20-Sep-22 17:14:53: Image not found for item SJ-SRB-21L02
root 20-Sep-22 17:14:53: Image not found for item SJ-SRB-21L45
root 20-Sep-22 17:14:53: Image not found for item SJ-SRB-21L47
root 20-Sep-22 17:14:53: Image not found for item SJ-SRB-21L48
root 20-Sep-22 17:14:53: Image not found for item SJ-SRB-21L49
root 20-Sep-22 17:14:53: Image not found for item SJ-SRB-22C13
root 20-Sep-22 17:14:53: Image not found for item SJ-SRB-22E01
root 20-Sep-22 17:14:53: Image not found for item SJ-SRB-22E02
root 20-Sep-22 17:14:53: Image not found for item SJ-SRB-22E03
root 20-Sep-22 17:14:53: Image not found for item SJ-SRB-22E16B
root 20-Sep-22 17:14:53: Image not found for item SJ-SRB-22E18
root 20-Sep-22 17:14:53: Image not found for item SJ-SRB-22F106
root 20-Sep-22 17:14:53: Image not found for item SJ-SRB-22F12
root 20-Sep-22 17:14:53: Image not found for item SJ-SRB-22F13
root 20-Sep-22 17:14:53: Image not found for item SJ-SRB-22F14
root 20-Sep-22 17:14:53: Image not found for item SJ-SRB-22F15
root 20-Sep-22 17:14:53: Image not found for item SJ-SRB-22F16
root 20-Sep-22 17:14:53: Image not found for item SJ-SRB-22F17
root 20-Sep-22 17:14:53: Image not found for item SJ-SRB-22F18
root 20-Sep-22 17:14:53: Image not found for item SJ-SRB-22F19
root 20-Sep-22 17:14:53: Image not found for item SJ-SRB-22F22
root 20-Sep-22 17:14:53: Image not found for item SJ-SRB-22F23
root 20-Sep-22 17:14:53: Image not found for item SJ-SRB-22F34
root 20-Sep-22 17:14:53: Image not found for item SJ-SRB-22F41
root 20-Sep-22 17:14:53: Image not found for item SJ-SRB-22F42
root 20-Sep-22 17:14:53: Image not found for item SJ-SRB-22F43
root 20-Sep-22 17:14:53: Image not found for item SJ-SRB-22F43B
root 20-Sep-22 17:14:53: Image not found for item SJ-SRB-22F44
root 20-Sep-22 17:14:53: Image not found for item SJ-SRB-22F44B
root 20-Sep-22 17:14:53: Image not found for item SJ-SRB-22F45
root 20-Sep-22 17:14:53: Image not found for item SJ-SRB-22F46
root 20-Sep-22 17:14:53: Image not found for item SJ-SRB-22F47
root 20-Sep-22 17:14:53: Image not found for item SJ-SRB-22F52
root 20-Sep-22 17:14:53: Image not found for item SJ-SRB-22F64
root 20-Sep-22 17:14:53: Image not found for item SJ-SRB-22F65
root 20-Sep-22 17:14:53: Image not found for item SJ-SRB-22F66
root 20-Sep-22 17:14:53: Image not found for item SJ-SRB-22F67
root 20-Sep-22 17:14:53: Image not found for item SJ-SRB-22F68
root 20-Sep-22 17:14:53: Image not found for item SJ-SRB-22F69
root 20-Sep-22 17:14:53: Image not found for item SJ-SRB-22F70
root 20-Sep-22 17:14:53: Image not found for item SJ-SRB-22F71
root 20-Sep-22 17:14:53: Image not found for item SJ-SRB-22F72
root 20-Sep-22 17:14:53: Image not found for item SJ-SRB-22F73
root 20-Sep-22 17:14:53: Image not found for item SJ-SRB-22F74
root 20-Sep-22 17:14:53: Image not found for item SJ-SRB-22F75
root 20-Sep-22 17:14:53: Image not found for item SJ-SRB-22F76
root 20-Sep-22 17:14:53: Image not found for item SJ-SRB-22F77
root 20-Sep-22 17:14:53: Image not found for item SJ-SRB-22F78
root 20-Sep-22 17:14:53: Image not found for item SJ-SRB-22F79
root 20-Sep-22 17:14:53: Image not found for item SJ-SRB-22F80
root 20-Sep-22 17:14:53: Image not found for item SJ-SRB-22F81
root 20-Sep-22 17:14:53: Image not found for item SJ-SRB-22G32
root 20-Sep-22 17:14:53: Image not found for item SJ-SRB-22G33
root 20-Sep-22 17:14:53: Image not found for item SJ-SRB-22G38
root 20-Sep-22 17:14:53: Image not found for item SJ-SRB-22G62
root 20-Sep-22 17:14:53: Image not found for item SJ-SRB-2412
root 20-Sep-22 17:14:53: Image not found for item SJ-SRB-3059
root 20-Sep-22 17:14:53: Image not found for item SJ-SRB-3310
root 20-Sep-22 17:14:53: Image not found for item SJ-SRB-345
root 20-Sep-22 17:14:53: Image not found for item SJ-SRB-364
root 20-Sep-22 17:14:53: Image not found for item SJ-SRB-3829
root 20-Sep-22 17:14:53: Image not found for item SJ-SRB-4067
root 20-Sep-22 17:14:53: Image not found for item SJ-SRB-6052
root 20-Sep-22 17:14:53: Image not found for item SJ-SRB-6102
root 20-Sep-22 17:14:53: Image not found for item SJ-SRB-6129
root 20-Sep-22 17:14:53: Image not found for item SJ-SRB-6149
root 20-Sep-22 17:14:53: Image not found for item SJ-SRB-6150
root 20-Sep-22 17:14:53: Image not found for item SJ-SRB-6151
root 20-Sep-22 17:14:53: Image not found for item SJ-SRB-6152
root 20-Sep-22 17:14:53: Image not found for item SJ-SRB-6153
root 20-Sep-22 17:14:53: Image not found for item SJ-SRB-6228
root 20-Sep-22 17:14:53: Image not found for item SJ-SRB-6501
root 20-Sep-22 17:14:53: Image not found for item SJ-SRB-6502
root 20-Sep-22 17:14:53: Image not found for item SJ-SRB-6814
root 20-Sep-22 17:14:53: Image not found for item SJ-SRB-6816
root 20-Sep-22 17:14:53: Image not found for item SJ-SRB-6817
root 20-Sep-22 17:14:53: Image not found for item SJ-SRB-6821
root 20-Sep-22 17:14:53: Image not found for item SJ-SRB-6861
root 20-Sep-22 17:14:53: Image not found for item SJ-SRB-6864
root 20-Sep-22 17:14:53: Image not found for item SJ-SRB-6866
root 20-Sep-22 17:14:53: Image not found for item SJ-SRB-6868
root 20-Sep-22 17:14:53: Image not found for item SJ-SRB-6929
root 20-Sep-22 17:14:53: Image not found for item SJ-SRB-6930 N
root 20-Sep-22 17:14:53: Image not found for item SJ-SRB-6931 N
root 20-Sep-22 17:14:53: Image not found for item SJ-SRB-6949
root 20-Sep-22 17:14:53: Image not found for item SJ-SRB-6964
root 20-Sep-22 17:14:53: Image not found for item SJ-SRB-7000
root 20-Sep-22 17:14:53: Image not found for item SJ-SRB-7006
root 20-Sep-22 17:14:53: Image not found for item SJ-SRB-7034
root 20-Sep-22 17:14:53: Image not found for item SJ-SRB-7035
root 20-Sep-22 17:14:54: Image not found for item SJ-SRB-704
root 20-Sep-22 17:14:54: Image not found for item SJ-SRB-7061
root 20-Sep-22 17:14:54: Image not found for item SJ-SRB-7062
root 20-Sep-22 17:14:54: Image not found for item SJ-SRB-8531
root 20-Sep-22 17:14:54: Image not found for item SJ-SRB-9024
root 20-Sep-22 17:14:54: Image not found for item SJ-SRB-9145
root 20-Sep-22 17:14:54: Image not found for item SJ-SRB-9191
root 20-Sep-22 17:14:54: Image not found for item SJ-SRB-9191B
root 20-Sep-22 17:14:54: Image not found for item SJ-SRB-9192
root 20-Sep-22 17:14:54: Image not found for item SJ-SRB-9302
root 20-Sep-22 17:14:54: Image not found for item SJ-STT-21K14
root 20-Sep-22 17:14:54: Image not found for item SJ-STT-21K18
root 20-Sep-22 17:14:54: Image not found for item SJ-STT-22F06
root 20-Sep-22 17:14:54: Image not found for item SJ-STT-22F07
root 20-Sep-22 17:14:54: Image not found for item SJ-STT-22F40
root 20-Sep-22 17:14:54: Image not found for item SJ-STT-22F53
root 20-Sep-22 17:14:54: Image not found for item SJ-STT-22G52
root 20-Sep-22 17:14:54: Image not found for item SJ-STT-22G60
root 20-Sep-22 17:14:54: Image not found for item SJ-STT-344
root 20-Sep-22 17:14:54: Image not found for item SJ-STT-3736
root 20-Sep-22 17:14:54: Image not found for item SJ-STT-3738
root 20-Sep-22 17:14:54: Image not found for item SJ-STT-3752
root 20-Sep-22 17:14:54: Image not found for item SJ-STT-3802
root 20-Sep-22 17:14:54: Image not found for item SJ-STT-434
root 20-Sep-22 17:14:54: Image not found for item SJ-STT-542
root 20-Sep-22 17:14:54: Image not found for item SJ-STT-543
root 20-Sep-22 17:14:54: Image not found for item SJ-STT-589
root 20-Sep-22 17:14:54: Image not found for item SJ-STT-591
root 20-Sep-22 17:14:54: Image not found for item SJ-STT-9067
root 20-Sep-22 17:14:54: Image not found for item SJ-STT-9177
root 20-Sep-22 17:14:54: Image not found for item SJ-STT-9306
root 20-Sep-22 17:14:54: Image not found for item SJ-STT-9307
root 20-Sep-22 17:14:54: Image not found for item SJ-STT-9501
root 20-Sep-22 17:14:54: Image not found for item SJ-STT-9505
root 20-Sep-22 17:14:54: Image not found for item SJ-STT-9506
root 20-Sep-22 17:14:54: Image not found for item SJ-HBN-30102C
root 20-Sep-22 17:14:54: Image not found for item SJ-HBN-30103B
root 20-Sep-22 17:14:54: Image not found for item SJ-HBN-30105B
root 20-Sep-22 17:14:54: Image not found for item SJ-HBN-301A
root 20-Sep-22 17:14:54: Image not found for item SJ-HBN-301MB
root 20-Sep-22 17:14:54: Image not found for item SJ-HBN-301SB
root 20-Sep-22 17:14:54: Image not found for item SJ-HBN-30702C
root 20-Sep-22 17:14:54: Image not found for item SJ-HBN-30703B
root 20-Sep-22 17:14:54: Image not found for item SJ-HBN-30705B
root 20-Sep-22 17:14:54: Image not found for item SJ-HBN-307MB
root 20-Sep-22 17:14:54: Image not found for item SJ-HBN-307SB
root 20-Sep-22 17:14:54: Image not found for item SJ-HBN-32502C
root 20-Sep-22 17:14:54: Image not found for item SJ-HBN-32503B
root 20-Sep-22 17:14:54: Image not found for item SJ-HBN-32503G
root 20-Sep-22 17:14:54: Image not found for item SJ-HBN-32505B
root 20-Sep-22 17:14:54: Image not found for item SJ-HBN-35002C
root 20-Sep-22 17:14:54: Image not found for item SJ-HBN-35003B
root 20-Sep-22 17:14:54: Image not found for item SJ-HBN-35003G
root 20-Sep-22 17:14:54: Image not found for item SJ-HBN-35005B
root 20-Sep-22 17:14:54: Image not found for item SJ-HBN-350MB
root 20-Sep-22 17:14:54: Image not found for item SJ-HBN-350SB
root 20-Sep-22 17:14:54: Image not found for item SJ-HBN-35102C
root 20-Sep-22 17:14:54: Image not found for item SJ-HBN-35103B
root 20-Sep-22 17:14:54: Image not found for item SJ-HBN-35103G
root 20-Sep-22 17:14:54: Image not found for item SJ-HBN-35105B
root 20-Sep-22 17:14:54: Image not found for item SJ-HBN-351A
root 20-Sep-22 17:14:54: Image not found for item SJ-HBN-351MB
root 20-Sep-22 17:14:54: Image not found for item SJ-HBN-351SB
root 20-Sep-22 17:14:54: Image not found for item SJ-HBN-35202C
root 20-Sep-22 17:14:54: Image not found for item SJ-HBN-35203B
root 20-Sep-22 17:14:54: Image not found for item SJ-HBN-35203G
root 20-Sep-22 17:14:54: Image not found for item SJ-HBN-35205B
root 20-Sep-22 17:14:54: Image not found for item SJ-HBN-352A
root 20-Sep-22 17:14:54: Image not found for item SJ-HBN-352MB
root 20-Sep-22 17:14:54: Image not found for item SJ-HBN-352SB
root 20-Sep-22 17:14:54: Image not found for item SJ-HBN-35902C
root 20-Sep-22 17:14:54: Image not found for item SJ-HBN-35903B
root 20-Sep-22 17:14:54: Image not found for item SJ-HBN-35903G
root 20-Sep-22 17:14:54: Image not found for item SJ-HBN-35905B
root 20-Sep-22 17:14:54: Image not found for item SJ-HBN-359MB
root 20-Sep-22 17:14:54: Image not found for item SJ-HBN-359SB
root 20-Sep-22 17:14:54: Image not found for item SJ-HBN-37502C
root 20-Sep-22 17:14:54: Image not found for item SJ-HBN-37503B
root 20-Sep-22 17:14:54: Image not found for item SJ-HBN-37505B
root 20-Sep-22 17:14:54: Image not found for item SJ-HBN-375MB
root 20-Sep-22 17:14:54: Image not found for item SJ-HBN-375SB
root 20-Sep-22 17:14:54: Image not found for item SJ-HCH-131902C
root 20-Sep-22 17:14:54: Image not found for item SJ-HCH-131905B
root 20-Sep-22 17:14:54: Image not found for item SJ-HCH-132003B
root 20-Sep-22 17:14:54: Image not found for item SJ-HCH-132005B
root 20-Sep-22 17:14:54: Image not found for item SJ-HCH-132902C
root 20-Sep-22 17:14:54: Image not found for item SJ-HCH-132903B
root 20-Sep-22 17:14:54: Image not found for item SJ-HCH-132905B
root 20-Sep-22 17:14:54: Image not found for item SJ-HCH-1329MB
root 20-Sep-22 17:14:54: Image not found for item SJ-HCH-1329SB
root 20-Sep-22 17:14:54: Image not found for item SJ-HCH-134902C
root 20-Sep-22 17:14:54: Image not found for item SJ-HCH-134905B
root 20-Sep-22 17:14:54: Image not found for item SJ-HCH-135002C
root 20-Sep-22 17:14:54: Image not found for item SJ-HCH-135003B
root 20-Sep-22 17:14:54: Image not found for item SJ-HCH-135005B
root 20-Sep-22 17:14:54: Image not found for item SJ-HCH-135802C
root 20-Sep-22 17:14:54: Image not found for item SJ-HCH-135803B
root 20-Sep-22 17:14:54: Image not found for item SJ-HCH-135805B
root 20-Sep-22 17:14:54: Image not found for item SJ-HCH-137602C
root 20-Sep-22 17:14:54: Image not found for item SJ-HCH-137603B
root 20-Sep-22 17:14:54: Image not found for item SJ-HCH-137605B
root 20-Sep-22 17:14:54: Image not found for item SJ-HCH-137702C
root 20-Sep-22 17:14:54: Image not found for item SJ-HCH-137703B
root 20-Sep-22 17:14:54: Image not found for item SJ-HCH-137705B
root 20-Sep-22 17:14:54: Image not found for item SJ-HCH-131903G
root 20-Sep-22 17:14:54: Image not found for item SJ-HCH-132003G
root 20-Sep-22 17:14:54: Image not found for item SJ-HCH-132903G
root 20-Sep-22 17:14:54: Image not found for item SJ-HCH-134903G
root 20-Sep-22 17:14:54: Image not found for item SJ-HCH-135003G
root 20-Sep-22 17:14:54: Image not found for item SJ-HCH-135803G
root 20-Sep-22 17:14:54: Image not found for item SJ-HCH-137603G
root 20-Sep-22 17:14:54: Image not found for item SJ-HCH-137703G
root 20-Sep-22 17:14:54: Image not found for item SJ-HCH-130702C
root 20-Sep-22 17:14:54: Image not found for item SJ-HCH-130703B
root 20-Sep-22 17:14:54: Image not found for item SJ-HCH-130705B
root 20-Sep-22 17:14:54: Image not found for item SJ-HCH-131202C
root 20-Sep-22 17:14:54: Image not found for item SJ-HCH-131203B
root 20-Sep-22 17:14:54: Image not found for item SJ-HCH-131205B
root 20-Sep-22 17:14:54: Image not found for item SJ-HCH-132203B
root 20-Sep-22 17:14:54: Image not found for item SJ-HCH-132205B
root 20-Sep-22 17:14:54: Image not found for item SJ-HCH-132802C
root 20-Sep-22 17:14:54: Image not found for item SJ-HCH-132803B
root 20-Sep-22 17:14:54: Image not found for item SJ-HCH-132805B
root 20-Sep-22 17:14:54: Image not found for item SJ-HCH-1328MB
root 20-Sep-22 17:14:54: Image not found for item SJ-HCH-1328SB
root 20-Sep-22 17:14:54: Image not found for item SJ-HCH-139702C
root 20-Sep-22 17:14:54: Image not found for item SJ-HCH-139703B
root 20-Sep-22 17:14:54: Image not found for item SJ-HCH-139705B
root 20-Sep-22 17:14:54: Image not found for item SJ-HCH-1397MB
root 20-Sep-22 17:14:54: Image not found for item SJ-HCH-1397SB
root 20-Sep-22 17:14:54: Image not found for item SJ-HCH-139803B
root 20-Sep-22 17:14:54: Image not found for item SJ-HCH-139805B
root 20-Sep-22 17:14:54: Image not found for item SJ-HCH-1398MB
root 20-Sep-22 17:14:54: Image not found for item SJ-HCH-1398SB
root 20-Sep-22 17:14:54: Image not found for item SJ-HCH-141502C
root 20-Sep-22 17:14:54: Image not found for item SJ-HCH-141505B
root 20-Sep-22 17:14:54: Image not found for item SJ-HCH-1415MB
root 20-Sep-22 17:14:54: Image not found for item SJ-HCH-1415SB
root 20-Sep-22 17:14:54: Image not found for item SJ-HCH-130703G
root 20-Sep-22 17:14:54: Image not found for item SJ-HCH-131203G
root 20-Sep-22 17:14:54: Image not found for item SJ-HCH-132203G
root 20-Sep-22 17:14:54: Image not found for item SJ-HCH-132803G
root 20-Sep-22 17:14:54: Image not found for item SJ-HCH-139703G
root 20-Sep-22 17:14:54: Image not found for item SJ-HCH-139803G
root 20-Sep-22 17:14:54: Image not found for item SJ-HCH-141503G
root 20-Sep-22 17:14:54: Image not found for item SJ-HCH-131502C
root 20-Sep-22 17:14:54: Image not found for item SJ-HCH-131503B
root 20-Sep-22 17:14:54: Image not found for item SJ-HCH-131505B
root 20-Sep-22 17:14:54: Image not found for item SJ-HCH-132102C
root 20-Sep-22 17:14:54: Image not found for item SJ-HCH-132103B
root 20-Sep-22 17:14:54: Image not found for item SJ-HCH-132105B
root 20-Sep-22 17:14:54: Image not found for item SJ-HCH-134502C
root 20-Sep-22 17:14:54: Image not found for item SJ-HCH-134503B
root 20-Sep-22 17:14:54: Image not found for item SJ-HCH-134505B
root 20-Sep-22 17:14:54: Image not found for item SJ-HCH-134602C
root 20-Sep-22 17:14:54: Image not found for item SJ-HCH-134603B
root 20-Sep-22 17:14:54: Image not found for item SJ-HCH-134605B
root 20-Sep-22 17:14:54: Image not found for item SJ-HCH-140102C
root 20-Sep-22 17:14:54: Image not found for item SJ-HCH-140103B
root 20-Sep-22 17:14:54: Image not found for item SJ-HCH-140105B
root 20-Sep-22 17:14:54: Image not found for item SJ-HCH-131503G
root 20-Sep-22 17:14:54: Image not found for item SJ-HCH-132103G
root 20-Sep-22 17:14:54: Image not found for item SJ-HCH-134503G
root 20-Sep-22 17:14:54: Image not found for item SJ-HCH-134603G
root 20-Sep-22 17:14:54: Image not found for item SJ-HCH-140103G
root 20-Sep-22 17:14:54: Image not found for item SJ-HCH-135602C
root 20-Sep-22 17:14:54: Image not found for item SJ-HCH-135603B
root 20-Sep-22 17:14:54: Image not found for item SJ-HCH-135605B
root 20-Sep-22 17:14:54: Image not found for item SJ-HCH-1356MB
root 20-Sep-22 17:14:54: Image not found for item SJ-HCH-1356SB
root 20-Sep-22 17:14:54: Image not found for item SJ-HCH-135603G
root 20-Sep-22 17:14:54: Image not found for item SJ-HCH-1356A
root 20-Sep-22 17:14:54: Image not found for item SJ-HHB-52503B
root 20-Sep-22 17:14:54: Image not found for item SJ-HHB-525A
root 20-Sep-22 17:14:54: Image not found for item SJ-HHB-525MB
root 20-Sep-22 17:14:54: Image not found for item SJ-HHB-525SB
root 20-Sep-22 17:14:54: Image not found for item SJ-HHB-58102C
root 20-Sep-22 17:14:54: Image not found for item SJ-HHB-58103B
root 20-Sep-22 17:14:54: Image not found for item SJ-HHB-58105B
root 20-Sep-22 17:14:54: Image not found for item SJ-HHB-581SB
root 20-Sep-22 17:14:54: Image not found for item SJ-HHB-58302C
root 20-Sep-22 17:14:54: Image not found for item SJ-HHB-58303B
root 20-Sep-22 17:14:54: Image not found for item SJ-HHB-58305B
root 20-Sep-22 17:14:54: Image not found for item SJ-HHB-583MB
root 20-Sep-22 17:14:54: Image not found for item SJ-HHB-58503B
root 20-Sep-22 17:14:54: Image not found for item SJ-HHB-585MB
root 20-Sep-22 17:14:54: Image not found for item SJ-HHB-585SB
root 20-Sep-22 17:14:54: Image not found for item SJ-SRP-6825
root 20-Sep-22 17:14:54: Image not found for item SJ-SRP-9055
root 20-Sep-22 17:14:54: Image not found for item SJ-SRP-9056
root 20-Sep-22 17:14:54: Image not found for item SJ-SRP-9057
root 20-Sep-22 17:14:54: Image not found for item SJ-SRP-9058
root 20-Sep-22 17:14:54: Image not found for item SJ-SRP-9059
root 20-Sep-22 17:14:54: Image not found for item SJ-HATX-190Z
root 20-Sep-22 17:14:54: Image not found for item SJ-HATX-238Z
root 20-Sep-22 17:14:54: Image not found for item SJ-HAYZ-3007Z
root 20-Sep-22 17:14:54: Image not found for item SJ-TX-7982Z
root 20-Sep-22 17:14:54: Image not found for item SJ-TX-8035Z
root 20-Sep-22 17:14:54: Image not found for item SJ-TX-8293Z
root 20-Sep-22 17:14:54: Image not found for item SJ-TX-8326Z
root 20-Sep-22 17:14:54: Image not found for item SJ-TX-8360Z
root 20-Sep-22 17:14:54: Image not found for item SJ-TXTD-6731Z
root 20-Sep-22 17:14:54: Image not found for item SJ-TXTD-6778Z
root 20-Sep-22 17:14:54: Image not found for item SJ-TXTD-6906Z
root 20-Sep-22 17:14:54: Image not found for item SJ-TXTD-6922Z
root 20-Sep-22 17:14:54: Image not found for item SJ-TXTD-6954Z
root 20-Sep-22 17:14:54: Image not found for item SJ-TXYJ-798Z
root 20-Sep-22 17:14:54: Image not found for item SJ-TXYJ-812Z
root 20-Sep-22 17:14:54: Image not found for item SJ-TXYJ-843Z
root 20-Sep-22 17:14:54: Image not found for item SJ-TXYJ-844Z
root 20-Sep-22 17:14:54: Image not found for item SJ-TXYJ-845Z
root 20-Sep-22 17:14:54: Image not found for item SJ-TXYJ-847Z
root 20-Sep-22 17:14:54: Image not found for item SJ-TXYJ-849Z
root 20-Sep-22 17:14:54: Image not found for item SJ-TXYJ-850Z
root 20-Sep-22 17:14:54: Image not found for item SJ-TXYJ-851Z
root 20-Sep-22 17:14:54: Image not found for item SJ-TXYJ-852Z
root 20-Sep-22 17:14:54: Image not found for item SJ-SBR-1044
root 20-Sep-22 17:14:54: Image not found for item SJ-SBR-22F39
root 20-Sep-22 17:14:54: Image not found for item SJ-SBR-3150
root 20-Sep-22 17:14:54: Image not found for item SJ-SBR-351
root 20-Sep-22 17:14:54: Image not found for item SJ-SBR-3596
root 20-Sep-22 17:14:54: Image not found for item SJ-SBR-3786
root 20-Sep-22 17:14:54: Image not found for item SJ-SBR-4180
root 20-Sep-22 17:14:54: Image not found for item SJ-SBR-604
root 20-Sep-22 17:14:54: Image not found for item SJ-SBR-6195
root 20-Sep-22 17:14:54: Image not found for item SJ-SBR-9019
root 20-Sep-22 17:14:54: Image not found for item SJ-SBR-9071
root 20-Sep-22 17:14:54: Image not found for item SJ-SBR-9074
root 20-Sep-22 17:14:54: Image not found for item SJ-SBR-9075
root 20-Sep-22 17:14:54: Image not found for item SJ-SBR-9076
root 20-Sep-22 17:14:54: Image not found for item SJ-SBR-9077
root 20-Sep-22 17:14:54: Image not found for item SJ-SBR-9105
root 20-Sep-22 17:14:54: Image not found for item SJ-SBR-9118
root 20-Sep-22 17:14:54: Image not found for item SJ-SBR-9121
root 20-Sep-22 17:14:54: Image not found for item SJ-SBR-9130
root 20-Sep-22 17:14:54: Image not found for item SJ-SER-606
root 20-Sep-22 17:14:54: Image not found for item SJ-SER-607
root 20-Sep-22 17:14:54: Image not found for item SJ-SER-612
root 20-Sep-22 17:14:54: Image not found for item SJ-SER-614
root 20-Sep-22 17:14:54: Image not found for item SJ-SER-615
root 20-Sep-22 17:14:54: Image not found for item SJ-SER-616
root 20-Sep-22 17:14:54: Image not found for item SJ-SER-617
root 20-Sep-22 17:14:54: Image not found for item SJ-SER-620
root 20-Sep-22 17:14:54: Image not found for item SJ-SER-626
root 20-Sep-22 17:14:54: Image not found for item SJ-SER-628
root 20-Sep-22 17:14:54: Image not found for item SJ-SER-9005
root 20-Sep-22 17:14:54: Image not found for item SJ-SER-9008
root 20-Sep-22 17:14:54: Image not found for item SJ-SFR-2001
root 20-Sep-22 17:14:54: Image not found for item SJ-SFR-3163
root 20-Sep-22 17:14:54: Image not found for item SJ-SML-3087
root 20-Sep-22 17:14:54: Image not found for item SJ-SNK-22F35
root 20-Sep-22 17:14:54: Image not found for item SJ-SNK-22F36
root 20-Sep-22 17:14:54: Image not found for item SJ-SNK-22F37
root 20-Sep-22 17:14:54: Image not found for item SJ-SNK-22F38
root 20-Sep-22 17:14:54: Image not found for item SJ-SNK-6818
root 20-Sep-22 17:14:54: Image not found for item SJ-SNK-766
root 20-Sep-22 17:14:54: Image not found for item SJ-SNK-8507
root 20-Sep-22 17:14:54: Image not found for item SJ-SNK-9126
root 20-Sep-22 17:14:54: Image not found for item SJ-SNK-9128
root 20-Sep-22 17:14:54: Image not found for item SJ-SRP-337
root 20-Sep-22 17:14:54: Image not found for item SJ-SRP-562
root 20-Sep-22 17:14:54: Image not found for item SJ-STP-1200
root 20-Sep-22 17:14:54: Image not found for item SJ-STP-1201
root 20-Sep-22 17:14:54: Image not found for item SJ-STP-3677
root 20-Sep-22 17:14:54: Image not found for item SJ-STP-593
root 20-Sep-22 17:14:54: Image not found for item KJ-18
root 20-Sep-22 17:14:54: Image not found for item SJ-204-11
root 20-Sep-22 17:14:54: Image not found for item PN-11
root 20-Sep-22 17:14:54: Image not found for item PN-12
root 20-Sep-22 17:14:54: Image not found for item PN-6
root 20-Sep-22 17:14:54: Image not found for item LOOM BANDS
root 20-Sep-22 17:14:54: Image not found for item SJ-2A-1051
root 20-Sep-22 17:14:54: Image not found for item SJ-PN-1059
root 20-Sep-22 17:14:54: Image not found for item SJ-PN-2045
root 20-Sep-22 17:14:54: Image not found for item SJ-PN-503
root 20-Sep-22 17:14:54: Image not found for item SJ-PN-512
root 20-Sep-22 17:14:54: Image not found for item SJ-PN-539
root 20-Sep-22 17:14:54: Image not found for item SJ-PN-585
root 20-Sep-22 17:14:54: Image not found for item SJ-PN-588
root 20-Sep-22 17:14:54: Image not found for item SJ-PN-593
root 20-Sep-22 17:14:54: Image not found for item SJ-PN-7001
root 20-Sep-22 17:14:54: Image not found for item SJ-PN-7009
root 20-Sep-22 17:14:54: Image not found for item RAW TIK TIK
